{"/Users/meryllobo/Downloads/UNI/Uni Code Contributions/gitgood/src/server.ts":{"path":"/Users/meryllobo/Downloads/UNI/Uni Code Contributions/gitgood/src/server.ts","statementMap":{"0":{"start":{"line":1,"column":0},"end":{"line":1,"column":89}},"1":{"start":{"line":1,"column":89},"end":{"line":3,"column":4}},"2":{"start":{"line":2,"column":26},"end":{"line":2,"column":39}},"3":{"start":{"line":2,"column":54},"end":{"line":2,"column":75}},"4":{"start":{"line":2,"column":97},"end":{"line":2,"column":128}},"5":{"start":{"line":2,"column":151},"end":{"line":2,"column":177}},"6":{"start":{"line":2,"column":195},"end":{"line":2,"column":216}},"7":{"start":{"line":2,"column":234},"end":{"line":2,"column":265}},"8":{"start":{"line":2,"column":279},"end":{"line":2,"column":369}},"9":{"start":{"line":2,"column":294},"end":{"line":2,"column":368}},"10":{"start":{"line":2,"column":314},"end":{"line":2,"column":368}},"11":{"start":{"line":2,"column":386},"end":{"line":2,"column":663}},"12":{"start":{"line":2,"column":410},"end":{"line":2,"column":653}},"13":{"start":{"line":2,"column":469},"end":{"line":2,"column":652}},"14":{"start":{"line":2,"column":508},"end":{"line":2,"column":652}},"15":{"start":{"line":2,"column":552},"end":{"line":2,"column":652}},"16":{"start":{"line":2,"column":578},"end":{"line":2,"column":587}},"17":{"start":{"line":2,"column":653},"end":{"line":2,"column":662}},"18":{"start":{"line":2,"column":676},"end":{"line":2,"column":864}},"19":{"start":{"line":2,"column":702},"end":{"line":2,"column":863}},"20":{"start":{"line":2,"column":882},"end":{"line":2,"column":943}},"21":{"start":{"line":2,"column":887},"end":{"line":2,"column":943}},"22":{"start":{"line":2,"column":963},"end":{"line":2,"column":965}},"23":{"start":{"line":2,"column":966},"end":{"line":2,"column":1020}},"24":{"start":{"line":2,"column":1003},"end":{"line":2,"column":1017}},"25":{"start":{"line":2,"column":1020},"end":{"line":2,"column":1064}},"26":{"start":{"line":2,"column":1083},"end":{"line":2,"column":1110}},"27":{"start":{"line":2,"column":1129},"end":{"line":2,"column":1155}},"28":{"start":{"line":2,"column":1175},"end":{"line":2,"column":1202}},"29":{"start":{"line":2,"column":1221},"end":{"line":2,"column":1247}},"30":{"start":{"line":2,"column":1264},"end":{"line":2,"column":1288}},"31":{"start":{"line":2,"column":1307},"end":{"line":2,"column":1335}},"32":{"start":{"line":2,"column":1353},"end":{"line":2,"column":1371}},"33":{"start":{"line":2,"column":1390},"end":{"line":2,"column":1409}},"34":{"start":{"line":2,"column":1434},"end":{"line":2,"column":1459}},"35":{"start":{"line":2,"column":1486},"end":{"line":2,"column":1522}},"36":{"start":{"line":2,"column":1546},"end":{"line":2,"column":1579}},"37":{"start":{"line":2,"column":1606},"end":{"line":2,"column":1633}},"38":{"start":{"line":2,"column":1650},"end":{"line":2,"column":1667}},"39":{"start":{"line":2,"column":1668},"end":{"line":2,"column":1715}},"40":{"start":{"line":2,"column":1725},"end":{"line":2,"column":1753}},"41":{"start":{"line":2,"column":1754},"end":{"line":2,"column":1789}},"42":{"start":{"line":2,"column":1789},"end":{"line":2,"column":1824}},"43":{"start":{"line":2,"column":1824},"end":{"line":2,"column":1866}},"44":{"start":{"line":2,"column":1866},"end":{"line":2,"column":2026}},"45":{"start":{"line":2,"column":1901},"end":{"line":2,"column":1953}},"46":{"start":{"line":2,"column":1959},"end":{"line":2,"column":2025}},"47":{"start":{"line":2,"column":1983},"end":{"line":2,"column":2023}},"48":{"start":{"line":2,"column":2026},"end":{"line":2,"column":2389}},"49":{"start":{"line":2,"column":2058},"end":{"line":2,"column":2198}},"50":{"start":{"line":2,"column":2092},"end":{"line":2,"column":2195}},"51":{"start":{"line":2,"column":2096},"end":{"line":2,"column":2144}},"52":{"start":{"line":2,"column":2156},"end":{"line":2,"column":2194}},"53":{"start":{"line":2,"column":2198},"end":{"line":2,"column":2388}},"54":{"start":{"line":2,"column":2242},"end":{"line":2,"column":2386}},"55":{"start":{"line":2,"column":2246},"end":{"line":2,"column":2293}},"56":{"start":{"line":2,"column":2293},"end":{"line":2,"column":2335}},"57":{"start":{"line":2,"column":2347},"end":{"line":2,"column":2385}},"58":{"start":{"line":2,"column":2389},"end":{"line":2,"column":2431}},"59":{"start":{"line":2,"column":2431},"end":{"line":2,"column":2724}},"60":{"start":{"line":2,"column":2496},"end":{"line":2,"column":2721}},"61":{"start":{"line":2,"column":2514},"end":{"line":2,"column":2568}},"62":{"start":{"line":2,"column":2569},"end":{"line":2,"column":2670}},"63":{"start":{"line":2,"column":2682},"end":{"line":2,"column":2720}},"64":{"start":{"line":2,"column":2724},"end":{"line":2,"column":3102}},"65":{"start":{"line":2,"column":2829},"end":{"line":2,"column":2838}},"66":{"start":{"line":2,"column":2839},"end":{"line":2,"column":3099}},"67":{"start":{"line":2,"column":2856},"end":{"line":2,"column":3019}},"68":{"start":{"line":2,"column":3020},"end":{"line":2,"column":3048}},"69":{"start":{"line":2,"column":3060},"end":{"line":2,"column":3098}},"70":{"start":{"line":2,"column":3102},"end":{"line":2,"column":4217}},"71":{"start":{"line":2,"column":3177},"end":{"line":2,"column":4214}},"72":{"start":{"line":2,"column":3194},"end":{"line":2,"column":3257}},"73":{"start":{"line":2,"column":3258},"end":{"line":2,"column":4163}},"74":{"start":{"line":2,"column":3546},"end":{"line":2,"column":3668}},"75":{"start":{"line":2,"column":3800},"end":{"line":2,"column":3913}},"76":{"start":{"line":2,"column":4175},"end":{"line":2,"column":4213}},"77":{"start":{"line":2,"column":4217},"end":{"line":2,"column":4553}},"78":{"start":{"line":2,"column":4302},"end":{"line":2,"column":4550}},"79":{"start":{"line":2,"column":4319},"end":{"line":2,"column":4387}},"80":{"start":{"line":2,"column":4388},"end":{"line":2,"column":4499}},"81":{"start":{"line":2,"column":4511},"end":{"line":2,"column":4549}},"82":{"start":{"line":2,"column":4553},"end":{"line":2,"column":4915}},"83":{"start":{"line":2,"column":4652},"end":{"line":2,"column":4662}},"84":{"start":{"line":2,"column":4663},"end":{"line":2,"column":4912}},"85":{"start":{"line":2,"column":4680},"end":{"line":2,"column":4737}},"86":{"start":{"line":2,"column":4738},"end":{"line":2,"column":4861}},"87":{"start":{"line":2,"column":4873},"end":{"line":2,"column":4911}},"88":{"start":{"line":2,"column":4915},"end":{"line":2,"column":5221}},"89":{"start":{"line":2,"column":5010},"end":{"line":2,"column":5020}},"90":{"start":{"line":2,"column":5021},"end":{"line":2,"column":5218}},"91":{"start":{"line":2,"column":5038},"end":{"line":2,"column":5093}},"92":{"start":{"line":2,"column":5094},"end":{"line":2,"column":5167}},"93":{"start":{"line":2,"column":5179},"end":{"line":2,"column":5217}},"94":{"start":{"line":2,"column":5221},"end":{"line":2,"column":5489}},"95":{"start":{"line":2,"column":5322},"end":{"line":2,"column":5332}},"96":{"start":{"line":2,"column":5333},"end":{"line":2,"column":5486}},"97":{"start":{"line":2,"column":5350},"end":{"line":2,"column":5406}},"98":{"start":{"line":2,"column":5407},"end":{"line":2,"column":5435}},"99":{"start":{"line":2,"column":5447},"end":{"line":2,"column":5485}},"100":{"start":{"line":2,"column":5489},"end":{"line":2,"column":5873}},"101":{"start":{"line":2,"column":5581},"end":{"line":2,"column":5591}},"102":{"start":{"line":2,"column":5592},"end":{"line":2,"column":5870}},"103":{"start":{"line":2,"column":5609},"end":{"line":2,"column":5790}},"104":{"start":{"line":2,"column":5791},"end":{"line":2,"column":5819}},"105":{"start":{"line":2,"column":5831},"end":{"line":2,"column":5869}},"106":{"start":{"line":2,"column":5873},"end":{"line":2,"column":6326}},"107":{"start":{"line":2,"column":5974},"end":{"line":2,"column":5984}},"108":{"start":{"line":2,"column":5998},"end":{"line":2,"column":6021}},"109":{"start":{"line":2,"column":6022},"end":{"line":2,"column":6323}},"110":{"start":{"line":2,"column":6062},"end":{"line":2,"column":6126}},"111":{"start":{"line":2,"column":6127},"end":{"line":2,"column":6169}},"112":{"start":{"line":2,"column":6169},"end":{"line":2,"column":6243}},"113":{"start":{"line":2,"column":6243},"end":{"line":2,"column":6272}},"114":{"start":{"line":2,"column":6284},"end":{"line":2,"column":6322}},"115":{"start":{"line":2,"column":6326},"end":{"line":2,"column":6368}},"116":{"start":{"line":2,"column":6381},"end":{"line":2,"column":6559}},"117":{"start":{"line":2,"column":6449},"end":{"line":2,"column":6557}},"118":{"start":{"line":2,"column":6560},"end":{"line":2,"column":6741}},"119":{"start":{"line":2,"column":6600},"end":{"line":2,"column":6655}},"120":{"start":{"line":2,"column":6655},"end":{"line":2,"column":6738}},"121":{"start":{"line":2,"column":6673},"end":{"line":2,"column":6707}},"122":{"start":{"line":2,"column":6707},"end":{"line":2,"column":6736}},"123":{"start":{"line":2,"column":6760},"end":{"line":2,"column":6763}}},"fnMap":{"0":{"name":"(anonymous_0)","decl":{"start":{"line":1,"column":90},"end":{"line":1,"column":91}},"loc":{"start":{"line":1,"column":94},"end":{"line":3,"column":1}},"line":1},"1":{"name":"(anonymous_1)","decl":{"start":{"line":2,"column":279},"end":{"line":2,"column":280}},"loc":{"start":{"line":2,"column":293},"end":{"line":2,"column":369}},"line":2},"2":{"name":"(anonymous_2)","decl":{"start":{"line":2,"column":386},"end":{"line":2,"column":387}},"loc":{"start":{"line":2,"column":409},"end":{"line":2,"column":663}},"line":2},"3":{"name":"(anonymous_3)","decl":{"start":{"line":2,"column":574},"end":{"line":2,"column":575}},"loc":{"start":{"line":2,"column":578},"end":{"line":2,"column":587}},"line":2},"4":{"name":"(anonymous_4)","decl":{"start":{"line":2,"column":676},"end":{"line":2,"column":677}},"loc":{"start":{"line":2,"column":702},"end":{"line":2,"column":863}},"line":2},"5":{"name":"(anonymous_5)","decl":{"start":{"line":2,"column":882},"end":{"line":2,"column":883}},"loc":{"start":{"line":2,"column":887},"end":{"line":2,"column":943}},"line":2},"6":{"name":"(anonymous_6)","decl":{"start":{"line":2,"column":999},"end":{"line":2,"column":1000}},"loc":{"start":{"line":2,"column":1003},"end":{"line":2,"column":1017}},"line":2},"7":{"name":"(anonymous_7)","decl":{"start":{"line":2,"column":1971},"end":{"line":2,"column":1972}},"loc":{"start":{"line":2,"column":1982},"end":{"line":2,"column":2024}},"line":2},"8":{"name":"(anonymous_8)","decl":{"start":{"line":2,"column":2080},"end":{"line":2,"column":2081}},"loc":{"start":{"line":2,"column":2091},"end":{"line":2,"column":2196}},"line":2},"9":{"name":"(anonymous_9)","decl":{"start":{"line":2,"column":2224},"end":{"line":2,"column":2225}},"loc":{"start":{"line":2,"column":2241},"end":{"line":2,"column":2387}},"line":2},"10":{"name":"(anonymous_10)","decl":{"start":{"line":2,"column":2479},"end":{"line":2,"column":2480}},"loc":{"start":{"line":2,"column":2495},"end":{"line":2,"column":2722}},"line":2},"11":{"name":"(anonymous_11)","decl":{"start":{"line":2,"column":2771},"end":{"line":2,"column":2772}},"loc":{"start":{"line":2,"column":2787},"end":{"line":2,"column":3100}},"line":2},"12":{"name":"(anonymous_12)","decl":{"start":{"line":2,"column":3160},"end":{"line":2,"column":3161}},"loc":{"start":{"line":2,"column":3176},"end":{"line":2,"column":4215}},"line":2},"13":{"name":"(anonymous_13)","decl":{"start":{"line":2,"column":3539},"end":{"line":2,"column":3540}},"loc":{"start":{"line":2,"column":3546},"end":{"line":2,"column":3668}},"line":2},"14":{"name":"(anonymous_14)","decl":{"start":{"line":2,"column":3795},"end":{"line":2,"column":3796}},"loc":{"start":{"line":2,"column":3800},"end":{"line":2,"column":3913}},"line":2},"15":{"name":"(anonymous_15)","decl":{"start":{"line":2,"column":4285},"end":{"line":2,"column":4286}},"loc":{"start":{"line":2,"column":4301},"end":{"line":2,"column":4551}},"line":2},"16":{"name":"(anonymous_16)","decl":{"start":{"line":2,"column":4618},"end":{"line":2,"column":4619}},"loc":{"start":{"line":2,"column":4634},"end":{"line":2,"column":4913}},"line":2},"17":{"name":"(anonymous_17)","decl":{"start":{"line":2,"column":4976},"end":{"line":2,"column":4977}},"loc":{"start":{"line":2,"column":4992},"end":{"line":2,"column":5219}},"line":2},"18":{"name":"(anonymous_18)","decl":{"start":{"line":2,"column":5288},"end":{"line":2,"column":5289}},"loc":{"start":{"line":2,"column":5304},"end":{"line":2,"column":5487}},"line":2},"19":{"name":"(anonymous_19)","decl":{"start":{"line":2,"column":5547},"end":{"line":2,"column":5548}},"loc":{"start":{"line":2,"column":5563},"end":{"line":2,"column":5871}},"line":2},"20":{"name":"(anonymous_20)","decl":{"start":{"line":2,"column":5940},"end":{"line":2,"column":5941}},"loc":{"start":{"line":2,"column":5956},"end":{"line":2,"column":6324}},"line":2},"21":{"name":"(anonymous_21)","decl":{"start":{"line":2,"column":6444},"end":{"line":2,"column":6445}},"loc":{"start":{"line":2,"column":6448},"end":{"line":2,"column":6558}},"line":2},"22":{"name":"(anonymous_22)","decl":{"start":{"line":2,"column":6595},"end":{"line":2,"column":6596}},"loc":{"start":{"line":2,"column":6599},"end":{"line":2,"column":6739}},"line":2},"23":{"name":"(anonymous_23)","decl":{"start":{"line":2,"column":6668},"end":{"line":2,"column":6669}},"loc":{"start":{"line":2,"column":6672},"end":{"line":2,"column":6737}},"line":2}},"branchMap":{"0":{"loc":{"start":{"line":2,"column":410},"end":{"line":2,"column":653}},"type":"if","locations":[{"start":{"line":2,"column":410},"end":{"line":2,"column":653}},{"start":{},"end":{}}],"line":2},"1":{"loc":{"start":{"line":2,"column":413},"end":{"line":2,"column":467}},"type":"binary-expr","locations":[{"start":{"line":2,"column":413},"end":{"line":2,"column":417}},{"start":{"line":2,"column":419},"end":{"line":2,"column":441}},{"start":{"line":2,"column":443},"end":{"line":2,"column":467}}],"line":2},"2":{"loc":{"start":{"line":2,"column":508},"end":{"line":2,"column":652}},"type":"if","locations":[{"start":{"line":2,"column":508},"end":{"line":2,"column":652}},{"start":{},"end":{}}],"line":2},"3":{"loc":{"start":{"line":2,"column":511},"end":{"line":2,"column":551}},"type":"binary-expr","locations":[{"start":{"line":2,"column":511},"end":{"line":2,"column":537}},{"start":{"line":2,"column":539},"end":{"line":2,"column":551}}],"line":2},"4":{"loc":{"start":{"line":2,"column":599},"end":{"line":2,"column":650}},"type":"binary-expr","locations":[{"start":{"line":2,"column":599},"end":{"line":2,"column":633}},{"start":{"line":2,"column":635},"end":{"line":2,"column":650}}],"line":2},"5":{"loc":{"start":{"line":2,"column":709},"end":{"line":2,"column":749}},"type":"cond-expr","locations":[{"start":{"line":2,"column":719},"end":{"line":2,"column":746}},{"start":{"line":2,"column":747},"end":{"line":2,"column":749}}],"line":2},"6":{"loc":{"start":{"line":2,"column":762},"end":{"line":2,"column":858}},"type":"cond-expr","locations":[{"start":{"line":2,"column":796},"end":{"line":2,"column":851}},{"start":{"line":2,"column":852},"end":{"line":2,"column":858}}],"line":2},"7":{"loc":{"start":{"line":2,"column":762},"end":{"line":2,"column":795}},"type":"binary-expr","locations":[{"start":{"line":2,"column":762},"end":{"line":2,"column":772}},{"start":{"line":2,"column":774},"end":{"line":2,"column":778}},{"start":{"line":2,"column":780},"end":{"line":2,"column":795}}],"line":2},"8":{"loc":{"start":{"line":2,"column":1866},"end":{"line":2,"column":2026}},"type":"if","locations":[{"start":{"line":2,"column":1866},"end":{"line":2,"column":2026}},{"start":{"line":2,"column":1958},"end":{"line":2,"column":2026}}],"line":2},"9":{"loc":{"start":{"line":2,"column":2026},"end":{"line":2,"column":2389}},"type":"if","locations":[{"start":{"line":2,"column":2026},"end":{"line":2,"column":2389}},{"start":{},"end":{}}],"line":2},"10":{"loc":{"start":{"line":2,"column":2921},"end":{"line":2,"column":2954}},"type":"cond-expr","locations":[{"start":{"line":2,"column":2935},"end":{"line":2,"column":2947}},{"start":{"line":2,"column":2948},"end":{"line":2,"column":2954}}],"line":2},"11":{"loc":{"start":{"line":2,"column":2968},"end":{"line":2,"column":3017}},"type":"cond-expr","locations":[{"start":{"line":2,"column":2990},"end":{"line":2,"column":3010}},{"start":{"line":2,"column":3011},"end":{"line":2,"column":3017}}],"line":2},"12":{"loc":{"start":{"line":2,"column":3919},"end":{"line":2,"column":3992}},"type":"binary-expr","locations":[{"start":{"line":2,"column":3919},"end":{"line":2,"column":3950}},{"start":{"line":2,"column":3952},"end":{"line":2,"column":3992}}],"line":2},"13":{"loc":{"start":{"line":2,"column":3996},"end":{"line":2,"column":4042}},"type":"binary-expr","locations":[{"start":{"line":2,"column":3996},"end":{"line":2,"column":4018}},{"start":{"line":2,"column":4020},"end":{"line":2,"column":4042}}],"line":2},"14":{"loc":{"start":{"line":2,"column":4100},"end":{"line":2,"column":4161}},"type":"binary-expr","locations":[{"start":{"line":2,"column":4100},"end":{"line":2,"column":4127}},{"start":{"line":2,"column":4129},"end":{"line":2,"column":4161}}],"line":2},"15":{"loc":{"start":{"line":2,"column":5692},"end":{"line":2,"column":5737}},"type":"binary-expr","locations":[{"start":{"line":2,"column":5692},"end":{"line":2,"column":5712}},{"start":{"line":2,"column":5714},"end":{"line":2,"column":5737}}],"line":2},"16":{"loc":{"start":{"line":2,"column":5748},"end":{"line":2,"column":5788}},"type":"binary-expr","locations":[{"start":{"line":2,"column":5748},"end":{"line":2,"column":5768}},{"start":{"line":2,"column":5770},"end":{"line":2,"column":5788}}],"line":2},"17":{"loc":{"start":{"line":2,"column":5998},"end":{"line":2,"column":6021}},"type":"binary-expr","locations":[{"start":{"line":2,"column":5998},"end":{"line":2,"column":6014}},{"start":{"line":2,"column":6016},"end":{"line":2,"column":6021}}],"line":2}},"s":{"0":1,"1":1,"2":1,"3":1,"4":1,"5":1,"6":1,"7":1,"8":1,"9":1,"10":1,"11":1,"12":9,"13":9,"14":138,"15":137,"16":9,"17":9,"18":1,"19":8,"20":1,"21":1,"22":1,"23":1,"24":0,"25":1,"26":1,"27":1,"28":1,"29":1,"30":1,"31":1,"32":1,"33":1,"34":1,"35":1,"36":1,"37":1,"38":1,"39":1,"40":1,"41":1,"42":1,"43":1,"44":1,"45":1,"46":0,"47":0,"48":1,"49":1,"50":0,"51":0,"52":0,"53":1,"54":83,"55":83,"56":83,"57":0,"58":1,"59":1,"60":71,"61":71,"62":56,"63":15,"64":1,"65":5,"66":5,"67":5,"68":3,"69":2,"70":1,"71":13,"72":13,"73":10,"74":10,"75":10,"76":3,"77":1,"78":15,"79":15,"80":13,"81":2,"82":1,"83":11,"84":11,"85":11,"86":8,"87":3,"88":1,"89":7,"90":7,"91":7,"92":3,"93":4,"94":1,"95":18,"96":18,"97":18,"98":16,"99":2,"100":1,"101":24,"102":24,"103":24,"104":1,"105":23,"106":1,"107":8,"108":8,"109":8,"110":8,"111":3,"112":3,"113":3,"114":5,"115":1,"116":1,"117":1,"118":1,"119":1,"120":1,"121":1,"122":1,"123":1},"f":{"0":1,"1":1,"2":9,"3":9,"4":8,"5":1,"6":0,"7":0,"8":0,"9":83,"10":71,"11":5,"12":13,"13":10,"14":10,"15":15,"16":11,"17":7,"18":18,"19":24,"20":8,"21":1,"22":1,"23":1},"b":{"0":[9,0],"1":[9,9,3],"2":[137,1],"3":[138,137],"4":[137,137],"5":[8,0],"6":[5,3],"7":[8,8,8],"8":[1,0],"9":[1,0],"10":[1,4],"11":[1,4],"12":[10,10],"13":[10,3],"14":[10,1],"15":[24,20],"16":[24,14],"17":[8,0]},"inputSourceMap":{"version":3,"mappings":";g7BAAA,2IAAoB,4BACpB,kBAAmB,2BAEnB,mBAAiD,4BACjD,kBAAmB,2BACnB,gBAAiB,yBACjB,kBAAmB,6BACnB,iBAAqB,mBACrB,kBAA4B,oBAC5B,wBAA6B,0BAC7B,0BAAiB,qCACjB,uBAAyB,kCACzB,0BAWO,4BACP,gBAA6B,kBAtB7B,cAAAA,QAAO,OAAO,CAAE,SAAU,KAAM,CAAC,EAwBjC,MAAM,OAAM,eAAAC,SAAQ,EACpB,IAAI,OAAI,qBAAK,CAAC,EACd,IAAI,OAAI,YAAAC,SAAK,CAAC,EACd,IAAI,OAAI,cAAAC,SAAO,KAAK,CAAC,EAErB,GAAI,cAAAC,QAAO,SAAU,CACnB,IAAI,IAAI,WAAS,sBAAAC,SAAK,CAAC,CACzB,KAAO,CACL,IAAI,IAAI,IAAK,CAAC,IAAK,MAAQ,CACzB,IAAI,KAAK,8BAA8B,CACzC,CAAC,CACH,CAEA,GAAI,cAAAD,QAAO,MAAO,CAChB,IAAI,IAAI,cAAe,CAAC,IAAc,MAAkB,CACtD,GAAI,CACF,IAAI,QAAK,mBAAK,IAAI,MAAM,KAAe,CAAC,CAC1C,OAAS,IAAK,IACZ,2BAAY,IAAK,GAAG,CACtB,CACF,CAAC,EAED,IAAI,OAAO,eAAgB,MAAO,KAAM,MAAQ,CAC9C,GAAI,CACF,QAAM,qCAAc,EACpB,IAAI,KAAK,CAAE,QAAS,sBAAuB,CAAC,CAC9C,OAAS,IAAK,IACZ,2BAAY,IAAK,GAAG,CACtB,CACF,CAAC,CACH,CAEA,IAAI,IAAI,MAAO,mBAAAE,OAAY,EAI3B,IAAI,KAAK,cAAe,yBAAc,MAAO,IAAc,MAAkB,CAC3E,GAAI,CACF,MAAM,QAAU,QAAM,qCAAc,IAAI,IAAI,EAC5C,IAAI,OAAO,GAAG,EAAE,KAAK,CACnB,UAAW,QAAQ,UACnB,OAAQ,QAAQ,OAChB,UAAW,QAAQ,SACrB,CAAC,CACH,OAAS,IAAK,IACZ,2BAAY,IAAK,GAAG,CACtB,CACF,CAAC,EAED,IAAI,IAAI,cAAe,yBAAc,MAAO,IAAc,MAAkB,CAC1E,KAAM,CAAE,SAAU,OAAQ,KAAM,YAAa,EAAI,IAAI,MACrD,GAAI,CACF,MAAM,OAAS,QAAM,mCAAY,CAC/B,SACA,OACA,KAAM,OAAS,OAAY,OAAO,IAAI,EAAI,OAC1C,aAAc,eAAiB,OAAY,OAAO,YAAY,EAAI,MACpE,CAAC,EACD,IAAI,OAAO,GAAG,EAAE,KAAK,MAAM,CAC7B,OAAS,IAAK,IACZ,2BAAY,IAAK,GAAG,CACtB,CACF,CAAC,EAED,IAAI,IAAI,yBAA0B,yBAAc,MAAO,IAAc,MAAkB,CACrF,GAAI,CACF,MAAM,OAAS,QAAM,kCAAW,IAAI,OAAO,SAAS,EACpD,IAAI,OAAO,GAAG,EAAE,KAAK,CACnB,UAAW,OAAO,UAClB,OAAQ,OAAO,OACf,UAAW,OAAO,UAClB,SAAU,OAAO,SACjB,aAAc,OAAO,aACrB,YAAa,OAAO,YACpB,UAAW,OAAO,UAClB,eAAgB,OAAO,eACvB,UAAW,OAAO,UAAU,IAAI,OAAS,CACvC,SAAU,KAAK,SACf,SAAU,KAAK,SACf,UAAW,KAAK,UAChB,SAAU,KAAK,SACf,WAAY,KAAK,UACnB,EAAE,EACF,QAAS,OAAO,QAChB,UAAW,OAAO,UAClB,aAAc,OAAO,aACrB,eAAgB,OAAO,eAAe,IAAI,KAAO,CAC/C,SAAU,GAAG,SACb,cAAe,GAAG,cAClB,aAAc,GAAG,aACjB,cAAe,GAAG,aACpB,EAAE,EACF,GAAI,OAAO,kBAAoB,QAAa,CAAE,gBAAiB,OAAO,eAAgB,EACtF,GAAI,OAAO,SAAW,QAAa,CAAE,OAAQ,OAAO,MAAO,EAC3D,UAAW,OAAO,UAClB,UAAW,OAAO,UAClB,GAAI,OAAO,cAAgB,QAAa,CAAE,YAAa,OAAO,WAAY,CAC5E,CAAC,CACH,OAAS,IAAK,IACZ,2BAAY,IAAK,GAAG,CACtB,CACF,CAAC,EAED,IAAI,KAAK,kCAAmC,yBAAc,MAAO,IAAc,MAAkB,CAC/F,GAAI,CACF,MAAM,OAAS,QAAM,uCAAgB,IAAI,OAAO,SAAS,EACzD,IAAI,OAAO,GAAG,EAAE,KAAK,CACnB,UAAW,OAAO,UAClB,MAAO,OAAO,MACd,OAAQ,OAAO,OACf,OAAQ,OAAO,MACjB,CAAC,CACH,OAAS,IAAK,IACZ,2BAAY,IAAK,GAAG,CACtB,CACF,CAAC,EAED,IAAI,KAAK,+BAAgC,yBAAc,MAAO,IAAc,MAAkB,CAC5F,KAAM,CAAE,SAAU,EAAI,IAAI,OAC1B,GAAI,CACF,MAAM,OAAS,QAAM,uCAAgB,SAAS,EAC9C,IAAI,OAAO,GAAG,EAAE,KAAK,CACnB,UAAW,OAAO,UAClB,OAAQ,OAAO,OACf,OAAQ,OAAO,OACf,YAAa,OAAO,WACtB,CAAC,CACH,OAAS,IAAK,IACZ,2BAAY,IAAK,GAAG,CACtB,CACF,CAAC,EAED,IAAI,OAAO,yBAA0B,yBAAc,MAAO,IAAc,MAAkB,CACxF,KAAM,CAAE,SAAqB,EAAI,IAAI,OACrC,GAAI,CACF,MAAM,OAAS,QAAM,qCAAc,SAAS,EAC5C,IAAI,OAAO,GAAG,EAAE,KAAK,CACnB,UAAW,OAAO,UAClB,QAAS,OAAO,OAClB,CAAC,CACH,OAAS,IAAK,IACZ,2BAAY,IAAK,GAAG,CACtB,CACF,CAAC,EAED,IAAI,KAAK,iCAAkC,yBAAc,MAAO,IAAc,MAAkB,CAC9F,KAAM,CAAE,SAAU,EAAI,IAAI,OAC1B,GAAI,CACF,MAAM,OAAS,QAAM,sCAAe,SAAS,EAC7C,IAAI,OAAO,GAAG,EAAE,KAAK,MAAM,CAC7B,OAAS,IAAK,IACZ,2BAAY,IAAK,GAAG,CACtB,CACF,CAAC,EAED,IAAI,IAAI,yBAA0B,yBAAc,MAAO,IAAc,MAAkB,CACrF,KAAM,CAAE,SAAU,EAAI,IAAI,OAC1B,GAAI,CACF,MAAM,OAAS,QAAM,qCAAc,UAAW,CAC5C,GAAG,IAAI,KACP,eAAgB,IAAI,KAAK,aAAe,IAAI,KAAK,eACjD,UAAW,IAAI,KAAK,aAAe,IAAI,KAAK,SAC9C,CAAC,EACD,IAAI,OAAO,GAAG,EAAE,KAAK,MAAM,CAC7B,OAAS,IAAK,IACZ,2BAAY,IAAK,GAAG,CACtB,CACF,CAAC,EAED,IAAI,IAAI,kCAAmC,yBAAc,MAAO,IAAc,MAAkB,CAC9F,KAAM,CAAE,SAAU,EAAI,IAAI,OAC1B,MAAM,OAAU,IAAI,MAAM,QAAqB,MAC/C,GAAI,CACF,KAAM,CAAE,QAAS,YAAa,QAAS,EAAI,QAAM,uCAAgB,UAAW,MAAM,EAClF,IAAI,UAAU,eAAgB,WAAW,EACzC,IAAI,UAAU,sBAAuB,yBAAyB,QAAQ,GAAG,EACzE,IAAI,OAAO,GAAG,EAAE,KAAK,OAAO,CAC9B,OAAS,IAAK,IACZ,2BAAY,IAAK,GAAG,CACtB,CACF,CAAC,EAID,IAAI,IAAI,gCAAY,EAEpB,MAAM,OAAS,IAAI,OAAO,cAAAF,QAAO,KAAM,cAAAA,QAAO,GAAI,IAAM,CACtD,QAAQ,IAAI,sCAA+B,cAAAA,QAAO,EAAE,IAAI,cAAAA,QAAO,IAAI,GAAG,CACxE,CAAC,EAED,eAAAG,QAAQ,GAAG,SAAU,IAAM,CACzB,QAAQ,IAAI,yCAAkC,EAC9C,OAAO,MAAM,IAAM,CACjB,QAAQ,IAAI,oBAAa,EACzB,eAAAA,QAAQ,KAAK,CACf,CAAC,CACH,CAAC,EAED,IAAO,eAAQ","names":["dotenv","express","cors","morgan","config","docs","healthRouter","process"],"ignoreList":[],"sources":["/Users/meryllobo/Downloads/UNI/Uni Code Contributions/gitgood/src/server.ts"],"sourcesContent":[null]},"_coverageSchema":"1a1c01bbd47fc00a2c39e90264f33305004495a9","hash":"39add59fbd3684ba0d9c006b0b795d4ddc0412de","contentHash":"8d0e3a329075a854bfd90707511d87eb5b78a34761bb5786e4246cc93efea38a"},"/Users/meryllobo/Downloads/UNI/Uni Code Contributions/gitgood/src/config.ts":{"path":"/Users/meryllobo/Downloads/UNI/Uni Code Contributions/gitgood/src/config.ts","statementMap":{"0":{"start":{"line":1,"column":0},"end":{"line":1,"column":89}},"1":{"start":{"line":1,"column":89},"end":{"line":3,"column":4}},"2":{"start":{"line":2,"column":27},"end":{"line":2,"column":48}},"3":{"start":{"line":2,"column":70},"end":{"line":2,"column":101}},"4":{"start":{"line":2,"column":124},"end":{"line":2,"column":150}},"5":{"start":{"line":2,"column":168},"end":{"line":2,"column":199}},"6":{"start":{"line":2,"column":213},"end":{"line":2,"column":303}},"7":{"start":{"line":2,"column":228},"end":{"line":2,"column":302}},"8":{"start":{"line":2,"column":248},"end":{"line":2,"column":302}},"9":{"start":{"line":2,"column":320},"end":{"line":2,"column":597}},"10":{"start":{"line":2,"column":344},"end":{"line":2,"column":587}},"11":{"start":{"line":2,"column":403},"end":{"line":2,"column":586}},"12":{"start":{"line":2,"column":442},"end":{"line":2,"column":586}},"13":{"start":{"line":2,"column":486},"end":{"line":2,"column":586}},"14":{"start":{"line":2,"column":512},"end":{"line":2,"column":521}},"15":{"start":{"line":2,"column":587},"end":{"line":2,"column":596}},"16":{"start":{"line":2,"column":615},"end":{"line":2,"column":676}},"17":{"start":{"line":2,"column":620},"end":{"line":2,"column":676}},"18":{"start":{"line":2,"column":696},"end":{"line":2,"column":698}},"19":{"start":{"line":2,"column":699},"end":{"line":2,"column":753}},"20":{"start":{"line":2,"column":736},"end":{"line":2,"column":750}},"21":{"start":{"line":2,"column":753},"end":{"line":2,"column":797}},"22":{"start":{"line":2,"column":810},"end":{"line":2,"column":829}},"23":{"start":{"line":2,"column":830},"end":{"line":2,"column":1065}},"24":{"start":{"line":2,"column":842},"end":{"line":2,"column":1064}},"25":{"start":{"line":2,"column":882},"end":{"line":2,"column":941}},"26":{"start":{"line":2,"column":947},"end":{"line":2,"column":1063}},"27":{"start":{"line":2,"column":1084},"end":{"line":2,"column":1286}},"28":{"start":{"line":2,"column":1254},"end":{"line":2,"column":1284}}},"fnMap":{"0":{"name":"(anonymous_0)","decl":{"start":{"line":1,"column":90},"end":{"line":1,"column":91}},"loc":{"start":{"line":1,"column":94},"end":{"line":3,"column":1}},"line":1},"1":{"name":"(anonymous_1)","decl":{"start":{"line":2,"column":213},"end":{"line":2,"column":214}},"loc":{"start":{"line":2,"column":227},"end":{"line":2,"column":303}},"line":2},"2":{"name":"(anonymous_2)","decl":{"start":{"line":2,"column":320},"end":{"line":2,"column":321}},"loc":{"start":{"line":2,"column":343},"end":{"line":2,"column":597}},"line":2},"3":{"name":"(anonymous_3)","decl":{"start":{"line":2,"column":508},"end":{"line":2,"column":509}},"loc":{"start":{"line":2,"column":512},"end":{"line":2,"column":521}},"line":2},"4":{"name":"(anonymous_4)","decl":{"start":{"line":2,"column":615},"end":{"line":2,"column":616}},"loc":{"start":{"line":2,"column":620},"end":{"line":2,"column":676}},"line":2},"5":{"name":"(anonymous_5)","decl":{"start":{"line":2,"column":732},"end":{"line":2,"column":733}},"loc":{"start":{"line":2,"column":736},"end":{"line":2,"column":750}},"line":2},"6":{"name":"(anonymous_6)","decl":{"start":{"line":2,"column":1241},"end":{"line":2,"column":1242}},"loc":{"start":{"line":2,"column":1253},"end":{"line":2,"column":1285}},"line":2}},"branchMap":{"0":{"loc":{"start":{"line":2,"column":344},"end":{"line":2,"column":587}},"type":"if","locations":[{"start":{"line":2,"column":344},"end":{"line":2,"column":587}},{"start":{},"end":{}}],"line":2},"1":{"loc":{"start":{"line":2,"column":347},"end":{"line":2,"column":401}},"type":"binary-expr","locations":[{"start":{"line":2,"column":347},"end":{"line":2,"column":351}},{"start":{"line":2,"column":353},"end":{"line":2,"column":375}},{"start":{"line":2,"column":377},"end":{"line":2,"column":401}}],"line":2},"2":{"loc":{"start":{"line":2,"column":442},"end":{"line":2,"column":586}},"type":"if","locations":[{"start":{"line":2,"column":442},"end":{"line":2,"column":586}},{"start":{},"end":{}}],"line":2},"3":{"loc":{"start":{"line":2,"column":445},"end":{"line":2,"column":485}},"type":"binary-expr","locations":[{"start":{"line":2,"column":445},"end":{"line":2,"column":471}},{"start":{"line":2,"column":473},"end":{"line":2,"column":485}}],"line":2},"4":{"loc":{"start":{"line":2,"column":533},"end":{"line":2,"column":584}},"type":"binary-expr","locations":[{"start":{"line":2,"column":533},"end":{"line":2,"column":567}},{"start":{"line":2,"column":569},"end":{"line":2,"column":584}}],"line":2},"5":{"loc":{"start":{"line":2,"column":830},"end":{"line":2,"column":1065}},"type":"if","locations":[{"start":{"line":2,"column":830},"end":{"line":2,"column":1065}},{"start":{},"end":{}}],"line":2},"6":{"loc":{"start":{"line":2,"column":842},"end":{"line":2,"column":1064}},"type":"if","locations":[{"start":{"line":2,"column":842},"end":{"line":2,"column":1064}},{"start":{"line":2,"column":946},"end":{"line":2,"column":1064}}],"line":2},"7":{"loc":{"start":{"line":2,"column":1088},"end":{"line":2,"column":1113}},"type":"binary-expr","locations":[{"start":{"line":2,"column":1088},"end":{"line":2,"column":1102}},{"start":{"line":2,"column":1104},"end":{"line":2,"column":1113}}],"line":2},"8":{"loc":{"start":{"line":2,"column":1128},"end":{"line":2,"column":1152}},"type":"binary-expr","locations":[{"start":{"line":2,"column":1128},"end":{"line":2,"column":1144}},{"start":{"line":2,"column":1146},"end":{"line":2,"column":1152}}],"line":2},"9":{"loc":{"start":{"line":2,"column":1261},"end":{"line":2,"column":1284}},"type":"binary-expr","locations":[{"start":{"line":2,"column":1261},"end":{"line":2,"column":1280}},{"start":{"line":2,"column":1282},"end":{"line":2,"column":1284}}],"line":2}},"s":{"0":1,"1":1,"2":1,"3":1,"4":1,"5":1,"6":1,"7":1,"8":1,"9":1,"10":1,"11":1,"12":1,"13":1,"14":178,"15":1,"16":1,"17":1,"18":1,"19":1,"20":178,"21":1,"22":1,"23":1,"24":1,"25":0,"26":1,"27":1,"28":172},"f":{"0":1,"1":1,"2":1,"3":178,"4":1,"5":178,"6":172},"b":{"0":[1,0],"1":[1,1,0],"2":[1,0],"3":[1,1],"4":[1,1],"5":[1,0],"6":[0,1],"7":[1,1],"8":[1,1],"9":[172,0]},"inputSourceMap":{"version":3,"mappings":";qqBAAA,8HAAM,OAAS,QAAQ,IAAI,QAC3B,GAAI,CAAC,OAAQ,CACX,GAAI,QAAQ,IAAI,WAAa,aAAc,CACzC,MAAM,IAAI,MAAM,0CAA0C,CAC5D,KAAO,CACL,QAAQ,KAAK,sGAAsG,CACrH,CACF,CAEA,IAAO,eAAQ,CACb,GAAI,QAAQ,IAAI,IAAM,UACtB,KAAM,SAAS,QAAQ,IAAI,MAAQ,MAAM,EACzC,MAAO,QAAQ,IAAI,WAAa,aAChC,SAAU,QAAQ,IAAI,WAAa,aACnC,IAAI,QAAS,CAAE,OAAO,QAAQ,IAAI,SAAW,EAAI,CACnD","names":[],"ignoreList":[],"sources":["/Users/meryllobo/Downloads/UNI/Uni Code Contributions/gitgood/src/config.ts"],"sourcesContent":[null]},"_coverageSchema":"1a1c01bbd47fc00a2c39e90264f33305004495a9","hash":"c3e8df609045fbcf02be2bd89d9dbf8560a5e451","contentHash":"f699bbd2256e97980f58201289fe34b0094fa43199d452143496ea770da58b92"},"/Users/meryllobo/Downloads/UNI/Uni Code Contributions/gitgood/src/debug.ts":{"path":"/Users/meryllobo/Downloads/UNI/Uni Code Contributions/gitgood/src/debug.ts","statementMap":{"0":{"start":{"line":1,"column":0},"end":{"line":1,"column":88}},"1":{"start":{"line":1,"column":88},"end":{"line":3,"column":4}},"2":{"start":{"line":2,"column":27},"end":{"line":2,"column":48}},"3":{"start":{"line":2,"column":70},"end":{"line":2,"column":101}},"4":{"start":{"line":2,"column":124},"end":{"line":2,"column":150}},"5":{"start":{"line":2,"column":168},"end":{"line":2,"column":199}},"6":{"start":{"line":2,"column":211},"end":{"line":2,"column":277}},"7":{"start":{"line":2,"column":227},"end":{"line":2,"column":277}},"8":{"start":{"line":2,"column":291},"end":{"line":2,"column":381}},"9":{"start":{"line":2,"column":306},"end":{"line":2,"column":380}},"10":{"start":{"line":2,"column":326},"end":{"line":2,"column":380}},"11":{"start":{"line":2,"column":398},"end":{"line":2,"column":675}},"12":{"start":{"line":2,"column":422},"end":{"line":2,"column":665}},"13":{"start":{"line":2,"column":481},"end":{"line":2,"column":664}},"14":{"start":{"line":2,"column":520},"end":{"line":2,"column":664}},"15":{"start":{"line":2,"column":564},"end":{"line":2,"column":664}},"16":{"start":{"line":2,"column":590},"end":{"line":2,"column":599}},"17":{"start":{"line":2,"column":665},"end":{"line":2,"column":674}},"18":{"start":{"line":2,"column":693},"end":{"line":2,"column":754}},"19":{"start":{"line":2,"column":698},"end":{"line":2,"column":754}},"20":{"start":{"line":2,"column":773},"end":{"line":2,"column":775}},"21":{"start":{"line":2,"column":776},"end":{"line":2,"column":832}},"22":{"start":{"line":2,"column":810},"end":{"line":2,"column":815}},"23":{"start":{"line":2,"column":825},"end":{"line":2,"column":829}},"24":{"start":{"line":2,"column":832},"end":{"line":2,"column":875}},"25":{"start":{"line":2,"column":901},"end":{"line":2,"column":928}},"26":{"start":{"line":2,"column":950},"end":{"line":2,"column":963}},"27":{"start":{"line":2,"column":964},"end":{"line":2,"column":984}},"28":{"start":{"line":2,"column":1007},"end":{"line":2,"column":1053}},"29":{"start":{"line":2,"column":1054},"end":{"line":2,"column":1076}},"30":{"start":{"line":2,"column":1076},"end":{"line":2,"column":1109}}},"fnMap":{"0":{"name":"(anonymous_0)","decl":{"start":{"line":1,"column":89},"end":{"line":1,"column":90}},"loc":{"start":{"line":1,"column":93},"end":{"line":3,"column":1}},"line":1},"1":{"name":"(anonymous_1)","decl":{"start":{"line":2,"column":211},"end":{"line":2,"column":212}},"loc":{"start":{"line":2,"column":227},"end":{"line":2,"column":277}},"line":2},"2":{"name":"(anonymous_2)","decl":{"start":{"line":2,"column":291},"end":{"line":2,"column":292}},"loc":{"start":{"line":2,"column":305},"end":{"line":2,"column":381}},"line":2},"3":{"name":"(anonymous_3)","decl":{"start":{"line":2,"column":398},"end":{"line":2,"column":399}},"loc":{"start":{"line":2,"column":421},"end":{"line":2,"column":675}},"line":2},"4":{"name":"(anonymous_4)","decl":{"start":{"line":2,"column":586},"end":{"line":2,"column":587}},"loc":{"start":{"line":2,"column":590},"end":{"line":2,"column":599}},"line":2},"5":{"name":"(anonymous_5)","decl":{"start":{"line":2,"column":693},"end":{"line":2,"column":694}},"loc":{"start":{"line":2,"column":698},"end":{"line":2,"column":754}},"line":2},"6":{"name":"(anonymous_6)","decl":{"start":{"line":2,"column":806},"end":{"line":2,"column":807}},"loc":{"start":{"line":2,"column":810},"end":{"line":2,"column":815}},"line":2},"7":{"name":"(anonymous_7)","decl":{"start":{"line":2,"column":821},"end":{"line":2,"column":822}},"loc":{"start":{"line":2,"column":825},"end":{"line":2,"column":829}},"line":2},"8":{"name":"echo","decl":{"start":{"line":2,"column":938},"end":{"line":2,"column":942}},"loc":{"start":{"line":2,"column":949},"end":{"line":2,"column":964}},"line":2},"9":{"name":"clear","decl":{"start":{"line":2,"column":999},"end":{"line":2,"column":1004}},"loc":{"start":{"line":2,"column":1006},"end":{"line":2,"column":1054}},"line":2}},"branchMap":{"0":{"loc":{"start":{"line":2,"column":422},"end":{"line":2,"column":665}},"type":"if","locations":[{"start":{"line":2,"column":422},"end":{"line":2,"column":665}},{"start":{},"end":{}}],"line":2},"1":{"loc":{"start":{"line":2,"column":425},"end":{"line":2,"column":479}},"type":"binary-expr","locations":[{"start":{"line":2,"column":425},"end":{"line":2,"column":429}},{"start":{"line":2,"column":431},"end":{"line":2,"column":453}},{"start":{"line":2,"column":455},"end":{"line":2,"column":479}}],"line":2},"2":{"loc":{"start":{"line":2,"column":520},"end":{"line":2,"column":664}},"type":"if","locations":[{"start":{"line":2,"column":520},"end":{"line":2,"column":664}},{"start":{},"end":{}}],"line":2},"3":{"loc":{"start":{"line":2,"column":523},"end":{"line":2,"column":563}},"type":"binary-expr","locations":[{"start":{"line":2,"column":523},"end":{"line":2,"column":549}},{"start":{"line":2,"column":551},"end":{"line":2,"column":563}}],"line":2},"4":{"loc":{"start":{"line":2,"column":611},"end":{"line":2,"column":662}},"type":"binary-expr","locations":[{"start":{"line":2,"column":611},"end":{"line":2,"column":645}},{"start":{"line":2,"column":647},"end":{"line":2,"column":662}}],"line":2},"5":{"loc":{"start":{"line":2,"column":1076},"end":{"line":2,"column":1108}},"type":"binary-expr","locations":[{"start":{"line":2,"column":1076},"end":{"line":2,"column":1077}},{"start":{"line":2,"column":1080},"end":{"line":2,"column":1107}}],"line":2}},"s":{"0":1,"1":1,"2":1,"3":1,"4":1,"5":1,"6":1,"7":2,"8":1,"9":1,"10":2,"11":1,"12":1,"13":1,"14":2,"15":2,"16":0,"17":1,"18":1,"19":1,"20":1,"21":1,"22":0,"23":0,"24":1,"25":1,"26":0,"27":1,"28":0,"29":1,"30":1},"f":{"0":1,"1":2,"2":1,"3":1,"4":0,"5":1,"6":0,"7":0,"8":0,"9":0},"b":{"0":[1,0],"1":[1,1,0],"2":[2,0],"3":[2,2],"4":[2,2],"5":[1,0]},"inputSourceMap":{"version":3,"mappings":";mvBAAA,wHAMA,0BAA8B,4BAEvB,SAAS,KAAK,MAAkC,CACrD,MAAO,CAAE,KAAM,CACjB,CAFgB,oBAIhB,eAAsB,OAAuB,CAC3C,QAAM,qCAAc,CACtB,CAFsB","names":[],"ignoreList":[],"sources":["/Users/meryllobo/Downloads/UNI/Uni Code Contributions/gitgood/src/debug.ts"],"sourcesContent":[null]},"_coverageSchema":"1a1c01bbd47fc00a2c39e90264f33305004495a9","hash":"be7bcb3e3586fe0ca86096f962f88c86028ecf52","contentHash":"41345fd9689f23b6f3301f8e64f611f5f3f5cdea8456870b996866c6aceaa7a3"},"/Users/meryllobo/Downloads/UNI/Uni Code Contributions/gitgood/src/invoiceService.ts":{"path":"/Users/meryllobo/Downloads/UNI/Uni Code Contributions/gitgood/src/invoiceService.ts","statementMap":{"0":{"start":{"line":1,"column":0},"end":{"line":1,"column":97}},"1":{"start":{"line":1,"column":97},"end":{"line":3,"column":4}},"2":{"start":{"line":2,"column":27},"end":{"line":2,"column":48}},"3":{"start":{"line":2,"column":70},"end":{"line":2,"column":101}},"4":{"start":{"line":2,"column":124},"end":{"line":2,"column":150}},"5":{"start":{"line":2,"column":168},"end":{"line":2,"column":199}},"6":{"start":{"line":2,"column":211},"end":{"line":2,"column":277}},"7":{"start":{"line":2,"column":227},"end":{"line":2,"column":277}},"8":{"start":{"line":2,"column":291},"end":{"line":2,"column":381}},"9":{"start":{"line":2,"column":306},"end":{"line":2,"column":380}},"10":{"start":{"line":2,"column":326},"end":{"line":2,"column":380}},"11":{"start":{"line":2,"column":398},"end":{"line":2,"column":675}},"12":{"start":{"line":2,"column":422},"end":{"line":2,"column":665}},"13":{"start":{"line":2,"column":481},"end":{"line":2,"column":664}},"14":{"start":{"line":2,"column":520},"end":{"line":2,"column":664}},"15":{"start":{"line":2,"column":564},"end":{"line":2,"column":664}},"16":{"start":{"line":2,"column":590},"end":{"line":2,"column":599}},"17":{"start":{"line":2,"column":665},"end":{"line":2,"column":674}},"18":{"start":{"line":2,"column":693},"end":{"line":2,"column":754}},"19":{"start":{"line":2,"column":698},"end":{"line":2,"column":754}},"20":{"start":{"line":2,"column":782},"end":{"line":2,"column":784}},"21":{"start":{"line":2,"column":785},"end":{"line":2,"column":1144}},"22":{"start":{"line":2,"column":836},"end":{"line":2,"column":849}},"23":{"start":{"line":2,"column":869},"end":{"line":2,"column":883}},"24":{"start":{"line":2,"column":902},"end":{"line":2,"column":915}},"25":{"start":{"line":2,"column":934},"end":{"line":2,"column":947}},"26":{"start":{"line":2,"column":968},"end":{"line":2,"column":983}},"27":{"start":{"line":2,"column":1004},"end":{"line":2,"column":1019}},"28":{"start":{"line":2,"column":1035},"end":{"line":2,"column":1045}},"29":{"start":{"line":2,"column":1062},"end":{"line":2,"column":1073}},"30":{"start":{"line":2,"column":1092},"end":{"line":2,"column":1105}},"31":{"start":{"line":2,"column":1126},"end":{"line":2,"column":1141}},"32":{"start":{"line":2,"column":1144},"end":{"line":2,"column":1196}},"33":{"start":{"line":2,"column":1224},"end":{"line":2,"column":1253}},"34":{"start":{"line":2,"column":1281},"end":{"line":2,"column":1309}},"35":{"start":{"line":2,"column":1335},"end":{"line":2,"column":1361}},"36":{"start":{"line":2,"column":1383},"end":{"line":2,"column":1405}},"37":{"start":{"line":2,"column":1424},"end":{"line":2,"column":1443}},"38":{"start":{"line":2,"column":1460},"end":{"line":2,"column":1475}},"39":{"start":{"line":2,"column":1503},"end":{"line":2,"column":1529}},"40":{"start":{"line":2,"column":1612},"end":{"line":2,"column":1619}},"41":{"start":{"line":2,"column":1620},"end":{"line":2,"column":1764}},"42":{"start":{"line":2,"column":1681},"end":{"line":2,"column":1763}},"43":{"start":{"line":2,"column":1764},"end":{"line":2,"column":1889}},"44":{"start":{"line":2,"column":1806},"end":{"line":2,"column":1888}},"45":{"start":{"line":2,"column":1889},"end":{"line":2,"column":2010}},"46":{"start":{"line":2,"column":1927},"end":{"line":2,"column":2009}},"47":{"start":{"line":2,"column":2010},"end":{"line":2,"column":2151}},"48":{"start":{"line":2,"column":2068},"end":{"line":2,"column":2150}},"49":{"start":{"line":2,"column":2162},"end":{"line":2,"column":2209}},"50":{"start":{"line":2,"column":2210},"end":{"line":2,"column":2294}},"51":{"start":{"line":2,"column":2223},"end":{"line":2,"column":2293}},"52":{"start":{"line":2,"column":2249},"end":{"line":2,"column":2292}},"53":{"start":{"line":2,"column":2294},"end":{"line":2,"column":2415}},"54":{"start":{"line":2,"column":2315},"end":{"line":2,"column":2331}},"55":{"start":{"line":2,"column":2332},"end":{"line":2,"column":2359}},"56":{"start":{"line":2,"column":2359},"end":{"line":2,"column":2414}},"57":{"start":{"line":2,"column":2385},"end":{"line":2,"column":2413}},"58":{"start":{"line":2,"column":2427},"end":{"line":2,"column":2440}},"59":{"start":{"line":2,"column":2454},"end":{"line":2,"column":2475}},"60":{"start":{"line":2,"column":2492},"end":{"line":2,"column":2532}},"61":{"start":{"line":2,"column":2533},"end":{"line":2,"column":2658}},"62":{"start":{"line":2,"column":2606},"end":{"line":2,"column":2644}},"63":{"start":{"line":2,"column":2659},"end":{"line":2,"column":2693}},"64":{"start":{"line":2,"column":2854},"end":{"line":2,"column":2859}},"65":{"start":{"line":2,"column":2860},"end":{"line":2,"column":3027}},"66":{"start":{"line":2,"column":2944},"end":{"line":2,"column":3026}},"67":{"start":{"line":2,"column":3043},"end":{"line":2,"column":3064}},"68":{"start":{"line":2,"column":3065},"end":{"line":2,"column":3212}},"69":{"start":{"line":2,"column":3129},"end":{"line":2,"column":3211}},"70":{"start":{"line":2,"column":3212},"end":{"line":2,"column":3345}},"71":{"start":{"line":2,"column":3262},"end":{"line":2,"column":3344}},"72":{"start":{"line":2,"column":3345},"end":{"line":2,"column":3503}},"73":{"start":{"line":2,"column":3420},"end":{"line":2,"column":3502}},"74":{"start":{"line":2,"column":3503},"end":{"line":2,"column":3638}},"75":{"start":{"line":2,"column":3555},"end":{"line":2,"column":3637}},"76":{"start":{"line":2,"column":3638},"end":{"line":2,"column":4284}},"77":{"start":{"line":2,"column":3667},"end":{"line":2,"column":3785}},"78":{"start":{"line":2,"column":3702},"end":{"line":2,"column":3784}},"79":{"start":{"line":2,"column":3785},"end":{"line":2,"column":3924}},"80":{"start":{"line":2,"column":3822},"end":{"line":2,"column":3923}},"81":{"start":{"line":2,"column":3924},"end":{"line":2,"column":4077}},"82":{"start":{"line":2,"column":3970},"end":{"line":2,"column":4076}},"83":{"start":{"line":2,"column":4077},"end":{"line":2,"column":4283}},"84":{"start":{"line":2,"column":4128},"end":{"line":2,"column":4282}},"85":{"start":{"line":2,"column":4284},"end":{"line":2,"column":4429}},"86":{"start":{"line":2,"column":4346},"end":{"line":2,"column":4428}},"87":{"start":{"line":2,"column":4429},"end":{"line":2,"column":5288}},"88":{"start":{"line":2,"column":4461},"end":{"line":2,"column":4655}},"89":{"start":{"line":2,"column":4523},"end":{"line":2,"column":4654}},"90":{"start":{"line":2,"column":4655},"end":{"line":2,"column":4873}},"91":{"start":{"line":2,"column":4731},"end":{"line":2,"column":4872}},"92":{"start":{"line":2,"column":4873},"end":{"line":2,"column":5110}},"93":{"start":{"line":2,"column":4952},"end":{"line":2,"column":5109}},"94":{"start":{"line":2,"column":5110},"end":{"line":2,"column":5287}},"95":{"start":{"line":2,"column":5140},"end":{"line":2,"column":5286}},"96":{"start":{"line":2,"column":5303},"end":{"line":2,"column":5379}},"97":{"start":{"line":2,"column":5332},"end":{"line":2,"column":5376}},"98":{"start":{"line":2,"column":5396},"end":{"line":2,"column":5437}},"99":{"start":{"line":2,"column":5457},"end":{"line":2,"column":5500}},"100":{"start":{"line":2,"column":5511},"end":{"line":2,"column":5535}},"101":{"start":{"line":2,"column":5550},"end":{"line":2,"column":5786}},"102":{"start":{"line":2,"column":5787},"end":{"line":2,"column":5838}},"103":{"start":{"line":2,"column":5838},"end":{"line":2,"column":5852}},"104":{"start":{"line":2,"column":5853},"end":{"line":2,"column":5891}},"105":{"start":{"line":2,"column":5942},"end":{"line":2,"column":5997}},"106":{"start":{"line":2,"column":5998},"end":{"line":2,"column":6125}},"107":{"start":{"line":2,"column":6011},"end":{"line":2,"column":6124}},"108":{"start":{"line":2,"column":6125},"end":{"line":2,"column":6246}},"109":{"start":{"line":2,"column":6173},"end":{"line":2,"column":6245}},"110":{"start":{"line":2,"column":6246},"end":{"line":2,"column":6260}},"111":{"start":{"line":2,"column":6261},"end":{"line":2,"column":6293}},"112":{"start":{"line":2,"column":6349},"end":{"line":2,"column":6404}},"113":{"start":{"line":2,"column":6405},"end":{"line":2,"column":6532}},"114":{"start":{"line":2,"column":6418},"end":{"line":2,"column":6531}},"115":{"start":{"line":2,"column":6532},"end":{"line":2,"column":6658}},"116":{"start":{"line":2,"column":6561},"end":{"line":2,"column":6657}},"117":{"start":{"line":2,"column":6671},"end":{"line":2,"column":6673}},"118":{"start":{"line":2,"column":6674},"end":{"line":2,"column":6914}},"119":{"start":{"line":2,"column":6678},"end":{"line":2,"column":6745}},"120":{"start":{"line":2,"column":6745},"end":{"line":2,"column":6809}},"121":{"start":{"line":2,"column":6821},"end":{"line":2,"column":6913}},"122":{"start":{"line":2,"column":6865},"end":{"line":2,"column":6913}},"123":{"start":{"line":2,"column":6914},"end":{"line":2,"column":7169}},"124":{"start":{"line":2,"column":6918},"end":{"line":2,"column":6991}},"125":{"start":{"line":2,"column":6991},"end":{"line":2,"column":7061}},"126":{"start":{"line":2,"column":7073},"end":{"line":2,"column":7168}},"127":{"start":{"line":2,"column":7117},"end":{"line":2,"column":7168}},"128":{"start":{"line":2,"column":7169},"end":{"line":2,"column":7360}},"129":{"start":{"line":2,"column":7173},"end":{"line":2,"column":7255}},"130":{"start":{"line":2,"column":7267},"end":{"line":2,"column":7359}},"131":{"start":{"line":2,"column":7311},"end":{"line":2,"column":7359}},"132":{"start":{"line":2,"column":7360},"end":{"line":2,"column":7653}},"133":{"start":{"line":2,"column":7375},"end":{"line":2,"column":7434}},"134":{"start":{"line":2,"column":7435},"end":{"line":2,"column":7542}},"135":{"start":{"line":2,"column":7554},"end":{"line":2,"column":7652}},"136":{"start":{"line":2,"column":7598},"end":{"line":2,"column":7652}},"137":{"start":{"line":2,"column":7653},"end":{"line":2,"column":7844}},"138":{"start":{"line":2,"column":7657},"end":{"line":2,"column":7730}},"139":{"start":{"line":2,"column":7742},"end":{"line":2,"column":7843}},"140":{"start":{"line":2,"column":7786},"end":{"line":2,"column":7843}},"141":{"start":{"line":2,"column":7844},"end":{"line":2,"column":7923}},"142":{"start":{"line":2,"column":7896},"end":{"line":2,"column":7922}},"143":{"start":{"line":2,"column":7923},"end":{"line":2,"column":7974}},"144":{"start":{"line":2,"column":7974},"end":{"line":2,"column":8044}},"145":{"start":{"line":2,"column":8045},"end":{"line":2,"column":8087}},"146":{"start":{"line":2,"column":8143},"end":{"line":2,"column":8198}},"147":{"start":{"line":2,"column":8199},"end":{"line":2,"column":8327}},"148":{"start":{"line":2,"column":8212},"end":{"line":2,"column":8326}},"149":{"start":{"line":2,"column":8327},"end":{"line":2,"column":8489}},"150":{"start":{"line":2,"column":8386},"end":{"line":2,"column":8488}},"151":{"start":{"line":2,"column":8489},"end":{"line":2,"column":8516}},"152":{"start":{"line":2,"column":8516},"end":{"line":2,"column":8564}},"153":{"start":{"line":2,"column":8564},"end":{"line":2,"column":8615}},"154":{"start":{"line":2,"column":8615},"end":{"line":2,"column":8708}},"155":{"start":{"line":2,"column":8709},"end":{"line":2,"column":8751}},"156":{"start":{"line":2,"column":8806},"end":{"line":2,"column":8861}},"157":{"start":{"line":2,"column":8862},"end":{"line":2,"column":8989}},"158":{"start":{"line":2,"column":8875},"end":{"line":2,"column":8988}},"159":{"start":{"line":2,"column":8989},"end":{"line":2,"column":9177}},"160":{"start":{"line":2,"column":9082},"end":{"line":2,"column":9176}},"161":{"start":{"line":2,"column":9177},"end":{"line":2,"column":9446}},"162":{"start":{"line":2,"column":9314},"end":{"line":2,"column":9445}},"163":{"start":{"line":2,"column":9466},"end":{"line":2,"column":10746}},"164":{"start":{"line":2,"column":10019},"end":{"line":2,"column":10216}},"165":{"start":{"line":2,"column":10547},"end":{"line":2,"column":10711}},"166":{"start":{"line":2,"column":10761},"end":{"line":2,"column":10884}},"167":{"start":{"line":2,"column":10905},"end":{"line":2,"column":10933}},"168":{"start":{"line":2,"column":10934},"end":{"line":2,"column":10997}},"169":{"start":{"line":2,"column":10997},"end":{"line":2,"column":11024}},"170":{"start":{"line":2,"column":11024},"end":{"line":2,"column":11053}},"171":{"start":{"line":2,"column":11053},"end":{"line":2,"column":11096}},"172":{"start":{"line":2,"column":11096},"end":{"line":2,"column":11147}},"173":{"start":{"line":2,"column":11147},"end":{"line":2,"column":11225}},"174":{"start":{"line":2,"column":11226},"end":{"line":2,"column":11266}},"175":{"start":{"line":2,"column":11328},"end":{"line":2,"column":11383}},"176":{"start":{"line":2,"column":11384},"end":{"line":2,"column":11511}},"177":{"start":{"line":2,"column":11397},"end":{"line":2,"column":11510}},"178":{"start":{"line":2,"column":11511},"end":{"line":2,"column":11645}},"179":{"start":{"line":2,"column":11542},"end":{"line":2,"column":11609}},"180":{"start":{"line":2,"column":11609},"end":{"line":2,"column":11644}},"181":{"start":{"line":2,"column":11645},"end":{"line":2,"column":11774}},"182":{"start":{"line":2,"column":11675},"end":{"line":2,"column":11740}},"183":{"start":{"line":2,"column":11740},"end":{"line":2,"column":11773}},"184":{"start":{"line":2,"column":11774},"end":{"line":2,"column":11923}},"185":{"start":{"line":2,"column":11808},"end":{"line":2,"column":11881}},"186":{"start":{"line":2,"column":11881},"end":{"line":2,"column":11922}},"187":{"start":{"line":2,"column":11923},"end":{"line":2,"column":12067}},"188":{"start":{"line":2,"column":11956},"end":{"line":2,"column":12027}},"189":{"start":{"line":2,"column":12027},"end":{"line":2,"column":12066}},"190":{"start":{"line":2,"column":12067},"end":{"line":2,"column":12403}},"191":{"start":{"line":2,"column":12150},"end":{"line":2,"column":12186}},"192":{"start":{"line":2,"column":12211},"end":{"line":2,"column":12257}},"193":{"start":{"line":2,"column":12258},"end":{"line":2,"column":12331}},"194":{"start":{"line":2,"column":12331},"end":{"line":2,"column":12362}},"195":{"start":{"line":2,"column":12362},"end":{"line":2,"column":12402}},"196":{"start":{"line":2,"column":12403},"end":{"line":2,"column":12856}},"197":{"start":{"line":2,"column":12439},"end":{"line":2,"column":12810}},"198":{"start":{"line":2,"column":12479},"end":{"line":2,"column":12632}},"199":{"start":{"line":2,"column":12541},"end":{"line":2,"column":12631}},"200":{"start":{"line":2,"column":12632},"end":{"line":2,"column":12809}},"201":{"start":{"line":2,"column":12708},"end":{"line":2,"column":12808}},"202":{"start":{"line":2,"column":12810},"end":{"line":2,"column":12855}},"203":{"start":{"line":2,"column":12856},"end":{"line":2,"column":12941}},"204":{"start":{"line":2,"column":12893},"end":{"line":2,"column":12940}},"205":{"start":{"line":2,"column":12941},"end":{"line":2,"column":14238}},"206":{"start":{"line":2,"column":13013},"end":{"line":2,"column":13049}},"207":{"start":{"line":2,"column":13067},"end":{"line":2,"column":13099}},"208":{"start":{"line":2,"column":13100},"end":{"line":2,"column":13236}},"209":{"start":{"line":2,"column":13152},"end":{"line":2,"column":13235}},"210":{"start":{"line":2,"column":13236},"end":{"line":2,"column":13997}},"211":{"start":{"line":2,"column":13264},"end":{"line":2,"column":13419}},"212":{"start":{"line":2,"column":13318},"end":{"line":2,"column":13418}},"213":{"start":{"line":2,"column":13419},"end":{"line":2,"column":13577}},"214":{"start":{"line":2,"column":13474},"end":{"line":2,"column":13576}},"215":{"start":{"line":2,"column":13577},"end":{"line":2,"column":13751}},"216":{"start":{"line":2,"column":13649},"end":{"line":2,"column":13750}},"217":{"start":{"line":2,"column":13771},"end":{"line":2,"column":13824}},"218":{"start":{"line":2,"column":13825},"end":{"line":2,"column":13996}},"219":{"start":{"line":2,"column":13887},"end":{"line":2,"column":13995}},"220":{"start":{"line":2,"column":14007},"end":{"line":2,"column":14057}},"221":{"start":{"line":2,"column":14035},"end":{"line":2,"column":14054}},"222":{"start":{"line":2,"column":14058},"end":{"line":2,"column":14085}},"223":{"start":{"line":2,"column":14085},"end":{"line":2,"column":14112}},"224":{"start":{"line":2,"column":14112},"end":{"line":2,"column":14170}},"225":{"start":{"line":2,"column":14170},"end":{"line":2,"column":14237}},"226":{"start":{"line":2,"column":14238},"end":{"line":2,"column":14281}},"227":{"start":{"line":2,"column":14281},"end":{"line":2,"column":14332}},"228":{"start":{"line":2,"column":14332},"end":{"line":2,"column":14417}},"229":{"start":{"line":2,"column":14418},"end":{"line":2,"column":14456}},"230":{"start":{"line":2,"column":14496},"end":{"line":2,"column":14657}},"231":{"start":{"line":2,"column":14573},"end":{"line":2,"column":14656}},"232":{"start":{"line":2,"column":14671},"end":{"line":2,"column":14726}},"233":{"start":{"line":2,"column":14727},"end":{"line":2,"column":14854}},"234":{"start":{"line":2,"column":14740},"end":{"line":2,"column":14853}},"235":{"start":{"line":2,"column":14854},"end":{"line":2,"column":14936}},"236":{"start":{"line":2,"column":14883},"end":{"line":2,"column":14935}},"237":{"start":{"line":2,"column":14936},"end":{"line":2,"column":14995}},"238":{"start":{"line":2,"column":14995},"end":{"line":2,"column":15051}},"239":{"start":{"line":2,"column":15052},"end":{"line":2,"column":15090}},"240":{"start":{"line":2,"column":15159},"end":{"line":2,"column":15214}},"241":{"start":{"line":2,"column":15215},"end":{"line":2,"column":15342}},"242":{"start":{"line":2,"column":15228},"end":{"line":2,"column":15341}},"243":{"start":{"line":2,"column":15342},"end":{"line":2,"column":15488}},"244":{"start":{"line":2,"column":15375},"end":{"line":2,"column":15487}},"245":{"start":{"line":2,"column":15509},"end":{"line":2,"column":15523}},"246":{"start":{"line":2,"column":15524},"end":{"line":2,"column":15658}},"247":{"start":{"line":2,"column":15575},"end":{"line":2,"column":15657}},"248":{"start":{"line":2,"column":15658},"end":{"line":2,"column":15843}},"249":{"start":{"line":2,"column":15704},"end":{"line":2,"column":15753}},"250":{"start":{"line":2,"column":15754},"end":{"line":2,"column":15842}},"251":{"start":{"line":2,"column":15861},"end":{"line":2,"column":15936}},"252":{"start":{"line":2,"column":15920},"end":{"line":2,"column":15934}},"253":{"start":{"line":2,"column":15937},"end":{"line":2,"column":16055}},"254":{"start":{"line":2,"column":16056},"end":{"line":2,"column":16098}},"255":{"start":{"line":2,"column":16129},"end":{"line":2,"column":16242}},"256":{"start":{"line":2,"column":16163},"end":{"line":2,"column":16201}},"257":{"start":{"line":2,"column":16201},"end":{"line":2,"column":16235}},"258":{"start":{"line":2,"column":16235},"end":{"line":2,"column":16241}},"259":{"start":{"line":2,"column":16252},"end":{"line":2,"column":16299}},"260":{"start":{"line":2,"column":16300},"end":{"line":2,"column":16485}},"261":{"start":{"line":2,"column":16338},"end":{"line":2,"column":16420}},"262":{"start":{"line":2,"column":16363},"end":{"line":2,"column":16419}},"263":{"start":{"line":2,"column":16420},"end":{"line":2,"column":16482}},"264":{"start":{"line":2,"column":16486},"end":{"line":2,"column":16524}},"265":{"start":{"line":2,"column":16524},"end":{"line":2,"column":16688}}},"fnMap":{"0":{"name":"(anonymous_0)","decl":{"start":{"line":1,"column":98},"end":{"line":1,"column":99}},"loc":{"start":{"line":1,"column":102},"end":{"line":3,"column":1}},"line":1},"1":{"name":"(anonymous_1)","decl":{"start":{"line":2,"column":211},"end":{"line":2,"column":212}},"loc":{"start":{"line":2,"column":227},"end":{"line":2,"column":277}},"line":2},"2":{"name":"(anonymous_2)","decl":{"start":{"line":2,"column":291},"end":{"line":2,"column":292}},"loc":{"start":{"line":2,"column":305},"end":{"line":2,"column":381}},"line":2},"3":{"name":"(anonymous_3)","decl":{"start":{"line":2,"column":398},"end":{"line":2,"column":399}},"loc":{"start":{"line":2,"column":421},"end":{"line":2,"column":675}},"line":2},"4":{"name":"(anonymous_4)","decl":{"start":{"line":2,"column":586},"end":{"line":2,"column":587}},"loc":{"start":{"line":2,"column":590},"end":{"line":2,"column":599}},"line":2},"5":{"name":"(anonymous_5)","decl":{"start":{"line":2,"column":693},"end":{"line":2,"column":694}},"loc":{"start":{"line":2,"column":698},"end":{"line":2,"column":754}},"line":2},"6":{"name":"(anonymous_6)","decl":{"start":{"line":2,"column":832},"end":{"line":2,"column":833}},"loc":{"start":{"line":2,"column":836},"end":{"line":2,"column":849}},"line":2},"7":{"name":"(anonymous_7)","decl":{"start":{"line":2,"column":865},"end":{"line":2,"column":866}},"loc":{"start":{"line":2,"column":869},"end":{"line":2,"column":883}},"line":2},"8":{"name":"(anonymous_8)","decl":{"start":{"line":2,"column":898},"end":{"line":2,"column":899}},"loc":{"start":{"line":2,"column":902},"end":{"line":2,"column":915}},"line":2},"9":{"name":"(anonymous_9)","decl":{"start":{"line":2,"column":930},"end":{"line":2,"column":931}},"loc":{"start":{"line":2,"column":934},"end":{"line":2,"column":947}},"line":2},"10":{"name":"(anonymous_10)","decl":{"start":{"line":2,"column":964},"end":{"line":2,"column":965}},"loc":{"start":{"line":2,"column":968},"end":{"line":2,"column":983}},"line":2},"11":{"name":"(anonymous_11)","decl":{"start":{"line":2,"column":1000},"end":{"line":2,"column":1001}},"loc":{"start":{"line":2,"column":1004},"end":{"line":2,"column":1019}},"line":2},"12":{"name":"(anonymous_12)","decl":{"start":{"line":2,"column":1031},"end":{"line":2,"column":1032}},"loc":{"start":{"line":2,"column":1035},"end":{"line":2,"column":1045}},"line":2},"13":{"name":"(anonymous_13)","decl":{"start":{"line":2,"column":1058},"end":{"line":2,"column":1059}},"loc":{"start":{"line":2,"column":1062},"end":{"line":2,"column":1073}},"line":2},"14":{"name":"(anonymous_14)","decl":{"start":{"line":2,"column":1088},"end":{"line":2,"column":1089}},"loc":{"start":{"line":2,"column":1092},"end":{"line":2,"column":1105}},"line":2},"15":{"name":"(anonymous_15)","decl":{"start":{"line":2,"column":1122},"end":{"line":2,"column":1123}},"loc":{"start":{"line":2,"column":1126},"end":{"line":2,"column":1141}},"line":2},"16":{"name":"listInvoice","decl":{"start":{"line":2,"column":1545},"end":{"line":2,"column":1556}},"loc":{"start":{"line":2,"column":1565},"end":{"line":2,"column":2659}},"line":2},"17":{"name":"(anonymous_17)","decl":{"start":{"line":2,"column":2244},"end":{"line":2,"column":2245}},"loc":{"start":{"line":2,"column":2249},"end":{"line":2,"column":2292}},"line":2},"18":{"name":"(anonymous_18)","decl":{"start":{"line":2,"column":2380},"end":{"line":2,"column":2381}},"loc":{"start":{"line":2,"column":2385},"end":{"line":2,"column":2413}},"line":2},"19":{"name":"(anonymous_19)","decl":{"start":{"line":2,"column":2563},"end":{"line":2,"column":2564}},"loc":{"start":{"line":2,"column":2606},"end":{"line":2,"column":2644}},"line":2},"20":{"name":"createInvoice","decl":{"start":{"line":2,"column":2708},"end":{"line":2,"column":2721}},"loc":{"start":{"line":2,"column":2728},"end":{"line":2,"column":5853}},"line":2},"21":{"name":"(anonymous_21)","decl":{"start":{"line":2,"column":5320},"end":{"line":2,"column":5321}},"loc":{"start":{"line":2,"column":5332},"end":{"line":2,"column":5376}},"line":2},"22":{"name":"getInvoice","decl":{"start":{"line":2,"column":5906},"end":{"line":2,"column":5916}},"loc":{"start":{"line":2,"column":5927},"end":{"line":2,"column":6261}},"line":2},"23":{"name":"validateInvoice","decl":{"start":{"line":2,"column":6308},"end":{"line":2,"column":6323}},"loc":{"start":{"line":2,"column":6334},"end":{"line":2,"column":8045}},"line":2},"24":{"name":"finaliseInvoice","decl":{"start":{"line":2,"column":8102},"end":{"line":2,"column":8117}},"loc":{"start":{"line":2,"column":8128},"end":{"line":2,"column":8709}},"line":2},"25":{"name":"convertInvoice","decl":{"start":{"line":2,"column":8766},"end":{"line":2,"column":8780}},"loc":{"start":{"line":2,"column":8791},"end":{"line":2,"column":11226}},"line":2},"26":{"name":"(anonymous_26)","decl":{"start":{"line":2,"column":10004},"end":{"line":2,"column":10005}},"loc":{"start":{"line":2,"column":10019},"end":{"line":2,"column":10216}},"line":2},"27":{"name":"(anonymous_27)","decl":{"start":{"line":2,"column":10537},"end":{"line":2,"column":10538}},"loc":{"start":{"line":2,"column":10547},"end":{"line":2,"column":10711}},"line":2},"28":{"name":"updateInvoice","decl":{"start":{"line":2,"column":11281},"end":{"line":2,"column":11294}},"loc":{"start":{"line":2,"column":11313},"end":{"line":2,"column":14418}},"line":2},"29":{"name":"(anonymous_29)","decl":{"start":{"line":2,"column":14023},"end":{"line":2,"column":14024}},"loc":{"start":{"line":2,"column":14035},"end":{"line":2,"column":14054}},"line":2},"30":{"name":"deleteInvoice","decl":{"start":{"line":2,"column":14471},"end":{"line":2,"column":14484}},"loc":{"start":{"line":2,"column":14495},"end":{"line":2,"column":15052}},"line":2},"31":{"name":"downloadInvoice","decl":{"start":{"line":2,"column":15105},"end":{"line":2,"column":15120}},"loc":{"start":{"line":2,"column":15144},"end":{"line":2,"column":16056}},"line":2},"32":{"name":"(anonymous_32)","decl":{"start":{"line":2,"column":15911},"end":{"line":2,"column":15912}},"loc":{"start":{"line":2,"column":15920},"end":{"line":2,"column":15934}},"line":2},"33":{"name":"clearInvoices","decl":{"start":{"line":2,"column":16113},"end":{"line":2,"column":16126}},"loc":{"start":{"line":2,"column":16128},"end":{"line":2,"column":16486}},"line":2},"34":{"name":"(anonymous_34)","decl":{"start":{"line":2,"column":16326},"end":{"line":2,"column":16327}},"loc":{"start":{"line":2,"column":16337},"end":{"line":2,"column":16483}},"line":2}},"branchMap":{"0":{"loc":{"start":{"line":2,"column":422},"end":{"line":2,"column":665}},"type":"if","locations":[{"start":{"line":2,"column":422},"end":{"line":2,"column":665}},{"start":{},"end":{}}],"line":2},"1":{"loc":{"start":{"line":2,"column":425},"end":{"line":2,"column":479}},"type":"binary-expr","locations":[{"start":{"line":2,"column":425},"end":{"line":2,"column":429}},{"start":{"line":2,"column":431},"end":{"line":2,"column":453}},{"start":{"line":2,"column":455},"end":{"line":2,"column":479}}],"line":2},"2":{"loc":{"start":{"line":2,"column":520},"end":{"line":2,"column":664}},"type":"if","locations":[{"start":{"line":2,"column":520},"end":{"line":2,"column":664}},{"start":{},"end":{}}],"line":2},"3":{"loc":{"start":{"line":2,"column":523},"end":{"line":2,"column":563}},"type":"binary-expr","locations":[{"start":{"line":2,"column":523},"end":{"line":2,"column":549}},{"start":{"line":2,"column":551},"end":{"line":2,"column":563}}],"line":2},"4":{"loc":{"start":{"line":2,"column":611},"end":{"line":2,"column":662}},"type":"binary-expr","locations":[{"start":{"line":2,"column":611},"end":{"line":2,"column":645}},{"start":{"line":2,"column":647},"end":{"line":2,"column":662}}],"line":2},"5":{"loc":{"start":{"line":2,"column":1588},"end":{"line":2,"column":1594}},"type":"default-arg","locations":[{"start":{"line":2,"column":1593},"end":{"line":2,"column":1594}}],"line":2},"6":{"loc":{"start":{"line":2,"column":1595},"end":{"line":2,"column":1610}},"type":"default-arg","locations":[{"start":{"line":2,"column":1608},"end":{"line":2,"column":1610}}],"line":2},"7":{"loc":{"start":{"line":2,"column":1620},"end":{"line":2,"column":1764}},"type":"if","locations":[{"start":{"line":2,"column":1620},"end":{"line":2,"column":1764}},{"start":{},"end":{}}],"line":2},"8":{"loc":{"start":{"line":2,"column":1623},"end":{"line":2,"column":1679}},"type":"binary-expr","locations":[{"start":{"line":2,"column":1623},"end":{"line":2,"column":1646}},{"start":{"line":2,"column":1648},"end":{"line":2,"column":1679}}],"line":2},"9":{"loc":{"start":{"line":2,"column":1764},"end":{"line":2,"column":1889}},"type":"if","locations":[{"start":{"line":2,"column":1764},"end":{"line":2,"column":1889}},{"start":{},"end":{}}],"line":2},"10":{"loc":{"start":{"line":2,"column":1767},"end":{"line":2,"column":1804}},"type":"binary-expr","locations":[{"start":{"line":2,"column":1767},"end":{"line":2,"column":1775}},{"start":{"line":2,"column":1777},"end":{"line":2,"column":1804}}],"line":2},"11":{"loc":{"start":{"line":2,"column":1889},"end":{"line":2,"column":2010}},"type":"if","locations":[{"start":{"line":2,"column":1889},"end":{"line":2,"column":2010}},{"start":{},"end":{}}],"line":2},"12":{"loc":{"start":{"line":2,"column":1892},"end":{"line":2,"column":1925}},"type":"binary-expr","locations":[{"start":{"line":2,"column":1892},"end":{"line":2,"column":1898}},{"start":{"line":2,"column":1900},"end":{"line":2,"column":1925}}],"line":2},"13":{"loc":{"start":{"line":2,"column":2010},"end":{"line":2,"column":2151}},"type":"if","locations":[{"start":{"line":2,"column":2010},"end":{"line":2,"column":2151}},{"start":{},"end":{}}],"line":2},"14":{"loc":{"start":{"line":2,"column":2013},"end":{"line":2,"column":2066}},"type":"binary-expr","locations":[{"start":{"line":2,"column":2013},"end":{"line":2,"column":2021}},{"start":{"line":2,"column":2023},"end":{"line":2,"column":2029}},{"start":{"line":2,"column":2031},"end":{"line":2,"column":2066}}],"line":2},"15":{"loc":{"start":{"line":2,"column":2210},"end":{"line":2,"column":2294}},"type":"if","locations":[{"start":{"line":2,"column":2210},"end":{"line":2,"column":2294}},{"start":{},"end":{}}],"line":2},"16":{"loc":{"start":{"line":2,"column":2294},"end":{"line":2,"column":2415}},"type":"if","locations":[{"start":{"line":2,"column":2294},"end":{"line":2,"column":2415}},{"start":{},"end":{}}],"line":2},"17":{"loc":{"start":{"line":2,"column":2860},"end":{"line":2,"column":3027}},"type":"if","locations":[{"start":{"line":2,"column":2860},"end":{"line":2,"column":3027}},{"start":{},"end":{}}],"line":2},"18":{"loc":{"start":{"line":2,"column":2863},"end":{"line":2,"column":2942}},"type":"binary-expr","locations":[{"start":{"line":2,"column":2863},"end":{"line":2,"column":2873}},{"start":{"line":2,"column":2875},"end":{"line":2,"column":2884}},{"start":{"line":2,"column":2886},"end":{"line":2,"column":2899}},{"start":{"line":2,"column":2901},"end":{"line":2,"column":2913}},{"start":{"line":2,"column":2915},"end":{"line":2,"column":2925}},{"start":{"line":2,"column":2927},"end":{"line":2,"column":2942}}],"line":2},"19":{"loc":{"start":{"line":2,"column":3065},"end":{"line":2,"column":3212}},"type":"if","locations":[{"start":{"line":2,"column":3065},"end":{"line":2,"column":3212}},{"start":{},"end":{}}],"line":2},"20":{"loc":{"start":{"line":2,"column":3068},"end":{"line":2,"column":3127}},"type":"binary-expr","locations":[{"start":{"line":2,"column":3068},"end":{"line":2,"column":3094}},{"start":{"line":2,"column":3096},"end":{"line":2,"column":3127}}],"line":2},"21":{"loc":{"start":{"line":2,"column":3212},"end":{"line":2,"column":3345}},"type":"if","locations":[{"start":{"line":2,"column":3212},"end":{"line":2,"column":3345}},{"start":{},"end":{}}],"line":2},"22":{"loc":{"start":{"line":2,"column":3345},"end":{"line":2,"column":3503}},"type":"if","locations":[{"start":{"line":2,"column":3345},"end":{"line":2,"column":3503}},{"start":{},"end":{}}],"line":2},"23":{"loc":{"start":{"line":2,"column":3348},"end":{"line":2,"column":3418}},"type":"binary-expr","locations":[{"start":{"line":2,"column":3348},"end":{"line":2,"column":3364}},{"start":{"line":2,"column":3366},"end":{"line":2,"column":3380}},{"start":{"line":2,"column":3382},"end":{"line":2,"column":3396}},{"start":{"line":2,"column":3398},"end":{"line":2,"column":3407}},{"start":{"line":2,"column":3409},"end":{"line":2,"column":3418}}],"line":2},"24":{"loc":{"start":{"line":2,"column":3503},"end":{"line":2,"column":3638}},"type":"if","locations":[{"start":{"line":2,"column":3503},"end":{"line":2,"column":3638}},{"start":{},"end":{}}],"line":2},"25":{"loc":{"start":{"line":2,"column":3506},"end":{"line":2,"column":3553}},"type":"binary-expr","locations":[{"start":{"line":2,"column":3506},"end":{"line":2,"column":3531}},{"start":{"line":2,"column":3533},"end":{"line":2,"column":3553}}],"line":2},"26":{"loc":{"start":{"line":2,"column":3667},"end":{"line":2,"column":3785}},"type":"if","locations":[{"start":{"line":2,"column":3667},"end":{"line":2,"column":3785}},{"start":{},"end":{}}],"line":2},"27":{"loc":{"start":{"line":2,"column":3670},"end":{"line":2,"column":3700}},"type":"binary-expr","locations":[{"start":{"line":2,"column":3670},"end":{"line":2,"column":3684}},{"start":{"line":2,"column":3686},"end":{"line":2,"column":3700}}],"line":2},"28":{"loc":{"start":{"line":2,"column":3785},"end":{"line":2,"column":3924}},"type":"if","locations":[{"start":{"line":2,"column":3785},"end":{"line":2,"column":3924}},{"start":{},"end":{}}],"line":2},"29":{"loc":{"start":{"line":2,"column":3788},"end":{"line":2,"column":3820}},"type":"binary-expr","locations":[{"start":{"line":2,"column":3788},"end":{"line":2,"column":3802}},{"start":{"line":2,"column":3804},"end":{"line":2,"column":3820}}],"line":2},"30":{"loc":{"start":{"line":2,"column":3924},"end":{"line":2,"column":4077}},"type":"if","locations":[{"start":{"line":2,"column":3924},"end":{"line":2,"column":4077}},{"start":{},"end":{}}],"line":2},"31":{"loc":{"start":{"line":2,"column":3927},"end":{"line":2,"column":3968}},"type":"binary-expr","locations":[{"start":{"line":2,"column":3927},"end":{"line":2,"column":3950}},{"start":{"line":2,"column":3952},"end":{"line":2,"column":3968}}],"line":2},"32":{"loc":{"start":{"line":2,"column":4077},"end":{"line":2,"column":4283}},"type":"if","locations":[{"start":{"line":2,"column":4077},"end":{"line":2,"column":4283}},{"start":{},"end":{}}],"line":2},"33":{"loc":{"start":{"line":2,"column":4284},"end":{"line":2,"column":4429}},"type":"if","locations":[{"start":{"line":2,"column":4284},"end":{"line":2,"column":4429}},{"start":{},"end":{}}],"line":2},"34":{"loc":{"start":{"line":2,"column":4287},"end":{"line":2,"column":4344}},"type":"binary-expr","locations":[{"start":{"line":2,"column":4287},"end":{"line":2,"column":4317}},{"start":{"line":2,"column":4319},"end":{"line":2,"column":4344}}],"line":2},"35":{"loc":{"start":{"line":2,"column":4461},"end":{"line":2,"column":4655}},"type":"if","locations":[{"start":{"line":2,"column":4461},"end":{"line":2,"column":4655}},{"start":{},"end":{}}],"line":2},"36":{"loc":{"start":{"line":2,"column":4655},"end":{"line":2,"column":4873}},"type":"if","locations":[{"start":{"line":2,"column":4655},"end":{"line":2,"column":4873}},{"start":{},"end":{}}],"line":2},"37":{"loc":{"start":{"line":2,"column":4873},"end":{"line":2,"column":5110}},"type":"if","locations":[{"start":{"line":2,"column":4873},"end":{"line":2,"column":5110}},{"start":{},"end":{}}],"line":2},"38":{"loc":{"start":{"line":2,"column":4876},"end":{"line":2,"column":4950}},"type":"binary-expr","locations":[{"start":{"line":2,"column":4876},"end":{"line":2,"column":4907}},{"start":{"line":2,"column":4909},"end":{"line":2,"column":4950}}],"line":2},"39":{"loc":{"start":{"line":2,"column":5110},"end":{"line":2,"column":5287}},"type":"if","locations":[{"start":{"line":2,"column":5110},"end":{"line":2,"column":5287}},{"start":{},"end":{}}],"line":2},"40":{"loc":{"start":{"line":2,"column":5738},"end":{"line":2,"column":5757}},"type":"binary-expr","locations":[{"start":{"line":2,"column":5738},"end":{"line":2,"column":5753}},{"start":{"line":2,"column":5755},"end":{"line":2,"column":5757}}],"line":2},"41":{"loc":{"start":{"line":2,"column":5998},"end":{"line":2,"column":6125}},"type":"if","locations":[{"start":{"line":2,"column":5998},"end":{"line":2,"column":6125}},{"start":{},"end":{}}],"line":2},"42":{"loc":{"start":{"line":2,"column":6125},"end":{"line":2,"column":6246}},"type":"if","locations":[{"start":{"line":2,"column":6125},"end":{"line":2,"column":6246}},{"start":{},"end":{}}],"line":2},"43":{"loc":{"start":{"line":2,"column":6128},"end":{"line":2,"column":6171}},"type":"binary-expr","locations":[{"start":{"line":2,"column":6128},"end":{"line":2,"column":6152}},{"start":{"line":2,"column":6154},"end":{"line":2,"column":6171}}],"line":2},"44":{"loc":{"start":{"line":2,"column":6405},"end":{"line":2,"column":6532}},"type":"if","locations":[{"start":{"line":2,"column":6405},"end":{"line":2,"column":6532}},{"start":{},"end":{}}],"line":2},"45":{"loc":{"start":{"line":2,"column":6532},"end":{"line":2,"column":6658}},"type":"if","locations":[{"start":{"line":2,"column":6532},"end":{"line":2,"column":6658}},{"start":{},"end":{}}],"line":2},"46":{"loc":{"start":{"line":2,"column":6821},"end":{"line":2,"column":6913}},"type":"if","locations":[{"start":{"line":2,"column":6821},"end":{"line":2,"column":6913}},{"start":{},"end":{}}],"line":2},"47":{"loc":{"start":{"line":2,"column":7073},"end":{"line":2,"column":7168}},"type":"if","locations":[{"start":{"line":2,"column":7073},"end":{"line":2,"column":7168}},{"start":{},"end":{}}],"line":2},"48":{"loc":{"start":{"line":2,"column":7267},"end":{"line":2,"column":7359}},"type":"if","locations":[{"start":{"line":2,"column":7267},"end":{"line":2,"column":7359}},{"start":{},"end":{}}],"line":2},"49":{"loc":{"start":{"line":2,"column":7554},"end":{"line":2,"column":7652}},"type":"if","locations":[{"start":{"line":2,"column":7554},"end":{"line":2,"column":7652}},{"start":{},"end":{}}],"line":2},"50":{"loc":{"start":{"line":2,"column":7742},"end":{"line":2,"column":7843}},"type":"if","locations":[{"start":{"line":2,"column":7742},"end":{"line":2,"column":7843}},{"start":{},"end":{}}],"line":2},"51":{"loc":{"start":{"line":2,"column":7844},"end":{"line":2,"column":7923}},"type":"if","locations":[{"start":{"line":2,"column":7844},"end":{"line":2,"column":7923}},{"start":{},"end":{}}],"line":2},"52":{"loc":{"start":{"line":2,"column":7847},"end":{"line":2,"column":7894}},"type":"binary-expr","locations":[{"start":{"line":2,"column":7847},"end":{"line":2,"column":7864}},{"start":{"line":2,"column":7866},"end":{"line":2,"column":7894}}],"line":2},"53":{"loc":{"start":{"line":2,"column":8199},"end":{"line":2,"column":8327}},"type":"if","locations":[{"start":{"line":2,"column":8199},"end":{"line":2,"column":8327}},{"start":{},"end":{}}],"line":2},"54":{"loc":{"start":{"line":2,"column":8327},"end":{"line":2,"column":8489}},"type":"if","locations":[{"start":{"line":2,"column":8327},"end":{"line":2,"column":8489}},{"start":{},"end":{}}],"line":2},"55":{"loc":{"start":{"line":2,"column":8330},"end":{"line":2,"column":8384}},"type":"binary-expr","locations":[{"start":{"line":2,"column":8330},"end":{"line":2,"column":8354}},{"start":{"line":2,"column":8356},"end":{"line":2,"column":8384}}],"line":2},"56":{"loc":{"start":{"line":2,"column":8862},"end":{"line":2,"column":8989}},"type":"if","locations":[{"start":{"line":2,"column":8862},"end":{"line":2,"column":8989}},{"start":{},"end":{}}],"line":2},"57":{"loc":{"start":{"line":2,"column":8989},"end":{"line":2,"column":9177}},"type":"if","locations":[{"start":{"line":2,"column":8989},"end":{"line":2,"column":9177}},{"start":{},"end":{}}],"line":2},"58":{"loc":{"start":{"line":2,"column":8992},"end":{"line":2,"column":9080}},"type":"binary-expr","locations":[{"start":{"line":2,"column":8992},"end":{"line":2,"column":9020}},{"start":{"line":2,"column":9022},"end":{"line":2,"column":9050}},{"start":{"line":2,"column":9052},"end":{"line":2,"column":9080}}],"line":2},"59":{"loc":{"start":{"line":2,"column":9177},"end":{"line":2,"column":9446}},"type":"if","locations":[{"start":{"line":2,"column":9177},"end":{"line":2,"column":9446}},{"start":{},"end":{}}],"line":2},"60":{"loc":{"start":{"line":2,"column":9180},"end":{"line":2,"column":9312}},"type":"binary-expr","locations":[{"start":{"line":2,"column":9180},"end":{"line":2,"column":9198}},{"start":{"line":2,"column":9200},"end":{"line":2,"column":9217}},{"start":{"line":2,"column":9219},"end":{"line":2,"column":9240}},{"start":{"line":2,"column":9242},"end":{"line":2,"column":9262}},{"start":{"line":2,"column":9264},"end":{"line":2,"column":9282}},{"start":{"line":2,"column":9284},"end":{"line":2,"column":9312}}],"line":2},"61":{"loc":{"start":{"line":2,"column":11384},"end":{"line":2,"column":11511}},"type":"if","locations":[{"start":{"line":2,"column":11384},"end":{"line":2,"column":11511}},{"start":{},"end":{}}],"line":2},"62":{"loc":{"start":{"line":2,"column":11511},"end":{"line":2,"column":11645}},"type":"if","locations":[{"start":{"line":2,"column":11511},"end":{"line":2,"column":11645}},{"start":{},"end":{}}],"line":2},"63":{"loc":{"start":{"line":2,"column":11645},"end":{"line":2,"column":11774}},"type":"if","locations":[{"start":{"line":2,"column":11645},"end":{"line":2,"column":11774}},{"start":{},"end":{}}],"line":2},"64":{"loc":{"start":{"line":2,"column":11774},"end":{"line":2,"column":11923}},"type":"if","locations":[{"start":{"line":2,"column":11774},"end":{"line":2,"column":11923}},{"start":{},"end":{}}],"line":2},"65":{"loc":{"start":{"line":2,"column":11923},"end":{"line":2,"column":12067}},"type":"if","locations":[{"start":{"line":2,"column":11923},"end":{"line":2,"column":12067}},{"start":{},"end":{}}],"line":2},"66":{"loc":{"start":{"line":2,"column":12067},"end":{"line":2,"column":12403}},"type":"if","locations":[{"start":{"line":2,"column":12067},"end":{"line":2,"column":12403}},{"start":{},"end":{}}],"line":2},"67":{"loc":{"start":{"line":2,"column":12070},"end":{"line":2,"column":12129}},"type":"binary-expr","locations":[{"start":{"line":2,"column":12070},"end":{"line":2,"column":12096}},{"start":{"line":2,"column":12098},"end":{"line":2,"column":12129}}],"line":2},"68":{"loc":{"start":{"line":2,"column":12150},"end":{"line":2,"column":12186}},"type":"binary-expr","locations":[{"start":{"line":2,"column":12150},"end":{"line":2,"column":12167}},{"start":{"line":2,"column":12169},"end":{"line":2,"column":12186}}],"line":2},"69":{"loc":{"start":{"line":2,"column":12211},"end":{"line":2,"column":12257}},"type":"binary-expr","locations":[{"start":{"line":2,"column":12211},"end":{"line":2,"column":12233}},{"start":{"line":2,"column":12235},"end":{"line":2,"column":12257}}],"line":2},"70":{"loc":{"start":{"line":2,"column":12403},"end":{"line":2,"column":12856}},"type":"if","locations":[{"start":{"line":2,"column":12403},"end":{"line":2,"column":12856}},{"start":{},"end":{}}],"line":2},"71":{"loc":{"start":{"line":2,"column":12479},"end":{"line":2,"column":12632}},"type":"if","locations":[{"start":{"line":2,"column":12479},"end":{"line":2,"column":12632}},{"start":{},"end":{}}],"line":2},"72":{"loc":{"start":{"line":2,"column":12632},"end":{"line":2,"column":12809}},"type":"if","locations":[{"start":{"line":2,"column":12632},"end":{"line":2,"column":12809}},{"start":{},"end":{}}],"line":2},"73":{"loc":{"start":{"line":2,"column":12856},"end":{"line":2,"column":12941}},"type":"if","locations":[{"start":{"line":2,"column":12856},"end":{"l
[...]
"23":{"start":{"line":2,"column":965},"end":{"line":2,"column":1021}},"24":{"start":{"line":2,"column":1049},"end":{"line":2,"column":1051}},"25":{"start":{"line":2,"column":1052},"end":{"line":2,"column":1104}},"26":{"start":{"line":2,"column":1097},"end":{"line":2,"column":1101}},"27":{"start":{"line":2,"column":1104},"end":{"line":2,"column":1156}},"28":{"start":{"line":2,"column":1175},"end":{"line":2,"column":1193}},"29":{"start":{"line":2,"column":1224},"end":{"line":2,"column":1262}},"30":{"start":{"line":2,"column":1277},"end":{"line":2,"column":1290}},"31":{"start":{"line":2,"column":1307},"end":{"line":2,"column":1322}},"32":{"start":{"line":2,"column":1339},"end":{"line":2,"column":1354}},"33":{"start":{"line":2,"column":1384},"end":{"line":2,"column":1411}},"34":{"start":{"line":2,"column":1434},"end":{"line":2,"column":1543}},"35":{"start":{"line":2,"column":1544},"end":{"line":2,"column":1600}},"36":{"start":{"line":2,"column":1600},"end":{"line":2,"column":1673}},"37":{"start":{"line":2,"column":1673},"end":{"line":2,"column":1686}},"38":{"start":{"line":2,"column":1687},"end":{"line":2,"column":1707}}},"fnMap":{"0":{"name":"(anonymous_0)","decl":{"start":{"line":1,"column":98},"end":{"line":1,"column":99}},"loc":{"start":{"line":1,"column":102},"end":{"line":3,"column":1}},"line":1},"1":{"name":"(anonymous_1)","decl":{"start":{"line":2,"column":277},"end":{"line":2,"column":278}},"loc":{"start":{"line":2,"column":293},"end":{"line":2,"column":343}},"line":2},"2":{"name":"(anonymous_2)","decl":{"start":{"line":2,"column":357},"end":{"line":2,"column":358}},"loc":{"start":{"line":2,"column":371},"end":{"line":2,"column":447}},"line":2},"3":{"name":"(anonymous_3)","decl":{"start":{"line":2,"column":464},"end":{"line":2,"column":465}},"loc":{"start":{"line":2,"column":487},"end":{"line":2,"column":741}},"line":2},"4":{"name":"(anonymous_4)","decl":{"start":{"line":2,"column":652},"end":{"line":2,"column":653}},"loc":{"start":{"line":2,"column":656},"end":{"line":2,"column":665}},"line":2},"5":{"name":"(anonymous_5)","decl":{"start":{"line":2,"column":754},"end":{"line":2,"column":755}},"loc":{"start":{"line":2,"column":780},"end":{"line":2,"column":941}},"line":2},"6":{"name":"(anonymous_6)","decl":{"start":{"line":2,"column":960},"end":{"line":2,"column":961}},"loc":{"start":{"line":2,"column":965},"end":{"line":2,"column":1021}},"line":2},"7":{"name":"(anonymous_7)","decl":{"start":{"line":2,"column":1093},"end":{"line":2,"column":1094}},"loc":{"start":{"line":2,"column":1097},"end":{"line":2,"column":1101}},"line":2},"8":{"name":"docs","decl":{"start":{"line":2,"column":1364},"end":{"line":2,"column":1368}},"loc":{"start":{"line":2,"column":1370},"end":{"line":2,"column":1687}},"line":2}},"branchMap":{"0":{"loc":{"start":{"line":2,"column":488},"end":{"line":2,"column":731}},"type":"if","locations":[{"start":{"line":2,"column":488},"end":{"line":2,"column":731}},{"start":{},"end":{}}],"line":2},"1":{"loc":{"start":{"line":2,"column":491},"end":{"line":2,"column":545}},"type":"binary-expr","locations":[{"start":{"line":2,"column":491},"end":{"line":2,"column":495}},{"start":{"line":2,"column":497},"end":{"line":2,"column":519}},{"start":{"line":2,"column":521},"end":{"line":2,"column":545}}],"line":2},"2":{"loc":{"start":{"line":2,"column":586},"end":{"line":2,"column":730}},"type":"if","locations":[{"start":{"line":2,"column":586},"end":{"line":2,"column":730}},{"start":{},"end":{}}],"line":2},"3":{"loc":{"start":{"line":2,"column":589},"end":{"line":2,"column":629}},"type":"binary-expr","locations":[{"start":{"line":2,"column":589},"end":{"line":2,"column":615}},{"start":{"line":2,"column":617},"end":{"line":2,"column":629}}],"line":2},"4":{"loc":{"start":{"line":2,"column":677},"end":{"line":2,"column":728}},"type":"binary-expr","locations":[{"start":{"line":2,"column":677},"end":{"line":2,"column":711}},{"start":{"line":2,"column":713},"end":{"line":2,"column":728}}],"line":2},"5":{"loc":{"start":{"line":2,"column":787},"end":{"line":2,"column":827}},"type":"cond-expr","locations":[{"start":{"line":2,"column":797},"end":{"line":2,"column":824}},{"start":{"line":2,"column":825},"end":{"line":2,"column":827}}],"line":2},"6":{"loc":{"start":{"line":2,"column":840},"end":{"line":2,"column":936}},"type":"cond-expr","locations":[{"start":{"line":2,"column":874},"end":{"line":2,"column":929}},{"start":{"line":2,"column":930},"end":{"line":2,"column":936}}],"line":2},"7":{"loc":{"start":{"line":2,"column":840},"end":{"line":2,"column":873}},"type":"binary-expr","locations":[{"start":{"line":2,"column":840},"end":{"line":2,"column":850}},{"start":{"line":2,"column":852},"end":{"line":2,"column":856}},{"start":{"line":2,"column":858},"end":{"line":2,"column":873}}],"line":2}},"s":{"0":1,"1":1,"2":1,"3":1,"4":1,"5":1,"6":1,"7":1,"8":1,"9":1,"10":1,"11":1,"12":1,"13":1,"14":2,"15":2,"16":6,"17":6,"18":1,"19":2,"20":1,"21":1,"22":1,"23":1,"24":1,"25":1,"26":1,"27":1,"28":1,"29":1,"30":1,"31":1,"32":1,"33":1,"34":1,"35":1,"36":1,"37":1,"38":1},"f":{"0":1,"1":1,"2":1,"3":2,"4":1,"5":1,"6":1,"7":1,"8":1},"b":{"0":[2,0],"1":[2,2,0],"2":[6,0],"3":[6,6],"4":[6,6],"5":[1,0],"6":[1,0],"7":[1,1,1]},"inputSourceMap":{"version":3,"mappings":";8/BAAA,yJAAuB,mBACvB,8BAAsB,uCACtB,cAA6B,cAC7B,gBAAsB,gBACtB,gBAAqB,gBAEN,SAAR,MAAgC,CACrC,MAAM,UAAS,uBAAO,EAEtB,MAAM,mBAAkB,sBACtB,2BAAa,kBAAK,UAAW,KAAM,cAAc,EAAG,MAAM,CAC5D,EAEA,OAAO,IAAI,IAAK,0BAAAA,QAAU,KAAK,EAC/B,OAAO,IAAI,IAAK,0BAAAA,QAAU,MAAM,eAAe,CAAC,EAEhD,OAAO,MACT,CAXwB","names":["swaggerUi"],"ignoreList":[],"sources":["/Users/meryllobo/Downloads/UNI/Uni Code Contributions/gitgood/src/docsMiddleware.ts"],"sourcesContent":[null]},"_coverageSchema":"1a1c01bbd47fc00a2c39e90264f33305004495a9","hash":"ae8f35093b93aa59af392cb6f41c2daa09d5b046","contentHash":"f94b86575d7283b910aef9d73acf7e17224834fc035f2b4d67a8bf81f07cf385"},"/Users/meryllobo/Downloads/UNI/Uni Code Contributions/gitgood/src/healthRoute.ts":{"path":"/Users/meryllobo/Downloads/UNI/Uni Code Contributions/gitgood/src/healthRoute.ts","statementMap":{"0":{"start":{"line":1,"column":0},"end":{"line":1,"column":94}},"1":{"start":{"line":1,"column":94},"end":{"line":3,"column":4}},"2":{"start":{"line":2,"column":27},"end":{"line":2,"column":48}},"3":{"start":{"line":2,"column":70},"end":{"line":2,"column":101}},"4":{"start":{"line":2,"column":124},"end":{"line":2,"column":150}},"5":{"start":{"line":2,"column":168},"end":{"line":2,"column":199}},"6":{"start":{"line":2,"column":213},"end":{"line":2,"column":303}},"7":{"start":{"line":2,"column":228},"end":{"line":2,"column":302}},"8":{"start":{"line":2,"column":248},"end":{"line":2,"column":302}},"9":{"start":{"line":2,"column":320},"end":{"line":2,"column":597}},"10":{"start":{"line":2,"column":344},"end":{"line":2,"column":587}},"11":{"start":{"line":2,"column":403},"end":{"line":2,"column":586}},"12":{"start":{"line":2,"column":442},"end":{"line":2,"column":586}},"13":{"start":{"line":2,"column":486},"end":{"line":2,"column":586}},"14":{"start":{"line":2,"column":512},"end":{"line":2,"column":521}},"15":{"start":{"line":2,"column":587},"end":{"line":2,"column":596}},"16":{"start":{"line":2,"column":615},"end":{"line":2,"column":676}},"17":{"start":{"line":2,"column":620},"end":{"line":2,"column":676}},"18":{"start":{"line":2,"column":701},"end":{"line":2,"column":703}},"19":{"start":{"line":2,"column":704},"end":{"line":2,"column":768}},"20":{"start":{"line":2,"column":746},"end":{"line":2,"column":765}},"21":{"start":{"line":2,"column":768},"end":{"line":2,"column":817}},"22":{"start":{"line":2,"column":836},"end":{"line":2,"column":854}},"23":{"start":{"line":2,"column":868},"end":{"line":2,"column":895}},"24":{"start":{"line":2,"column":896},"end":{"line":2,"column":1002}},"25":{"start":{"line":2,"column":929},"end":{"line":2,"column":999}},"26":{"start":{"line":2,"column":1026},"end":{"line":2,"column":1032}}},"fnMap":{"0":{"name":"(anonymous_0)","decl":{"start":{"line":1,"column":95},"end":{"line":1,"column":96}},"loc":{"start":{"line":1,"column":99},"end":{"line":3,"column":1}},"line":1},"1":{"name":"(anonymous_1)","decl":{"start":{"line":2,"column":213},"end":{"line":2,"column":214}},"loc":{"start":{"line":2,"column":227},"end":{"line":2,"column":303}},"line":2},"2":{"name":"(anonymous_2)","decl":{"start":{"line":2,"column":320},"end":{"line":2,"column":321}},"loc":{"start":{"line":2,"column":343},"end":{"line":2,"column":597}},"line":2},"3":{"name":"(anonymous_3)","decl":{"start":{"line":2,"column":508},"end":{"line":2,"column":509}},"loc":{"start":{"line":2,"column":512},"end":{"line":2,"column":521}},"line":2},"4":{"name":"(anonymous_4)","decl":{"start":{"line":2,"column":615},"end":{"line":2,"column":616}},"loc":{"start":{"line":2,"column":620},"end":{"line":2,"column":676}},"line":2},"5":{"name":"(anonymous_5)","decl":{"start":{"line":2,"column":742},"end":{"line":2,"column":743}},"loc":{"start":{"line":2,"column":746},"end":{"line":2,"column":765}},"line":2},"6":{"name":"(anonymous_6)","decl":{"start":{"line":2,"column":917},"end":{"line":2,"column":918}},"loc":{"start":{"line":2,"column":928},"end":{"line":2,"column":1000}},"line":2}},"branchMap":{"0":{"loc":{"start":{"line":2,"column":344},"end":{"line":2,"column":587}},"type":"if","locations":[{"start":{"line":2,"column":344},"end":{"line":2,"column":587}},{"start":{},"end":{}}],"line":2},"1":{"loc":{"start":{"line":2,"column":347},"end":{"line":2,"column":401}},"type":"binary-expr","locations":[{"start":{"line":2,"column":347},"end":{"line":2,"column":351}},{"start":{"line":2,"column":353},"end":{"line":2,"column":375}},{"start":{"line":2,"column":377},"end":{"line":2,"column":401}}],"line":2},"2":{"loc":{"start":{"line":2,"column":442},"end":{"line":2,"column":586}},"type":"if","locations":[{"start":{"line":2,"column":442},"end":{"line":2,"column":586}},{"start":{},"end":{}}],"line":2},"3":{"loc":{"start":{"line":2,"column":445},"end":{"line":2,"column":485}},"type":"binary-expr","locations":[{"start":{"line":2,"column":445},"end":{"line":2,"column":471}},{"start":{"line":2,"column":473},"end":{"line":2,"column":485}}],"line":2},"4":{"loc":{"start":{"line":2,"column":533},"end":{"line":2,"column":584}},"type":"binary-expr","locations":[{"start":{"line":2,"column":533},"end":{"line":2,"column":567}},{"start":{"line":2,"column":569},"end":{"line":2,"column":584}}],"line":2}},"s":{"0":1,"1":1,"2":1,"3":1,"4":1,"5":1,"6":1,"7":1,"8":1,"9":1,"10":1,"11":1,"12":1,"13":1,"14":1,"15":1,"16":1,"17":1,"18":1,"19":1,"20":1,"21":1,"22":1,"23":1,"24":1,"25":1,"26":1},"f":{"0":1,"1":1,"2":1,"3":1,"4":1,"5":1,"6":1},"b":{"0":[1,0],"1":[1,1,0],"2":[1,0],"3":[1,1],"4":[1,1]},"inputSourceMap":{"version":3,"mappings":";qqBAAA,+JAA0C,mBAE1C,MAAM,UAAS,uBAAO,EAEtB,OAAO,IAAI,UAAW,CAAC,IAAc,MAAkB,CACrD,IAAI,OAAO,GAAG,EAAE,KAAK,CACnB,OAAQ,KACR,UAAW,IAAI,KAAK,EAAE,YAAY,CACpC,CAAC,CACH,CAAC,EAED,IAAO,oBAAQ","names":[],"ignoreList":[],"sources":["/Users/meryllobo/Downloads/UNI/Uni Code Contributions/gitgood/src/healthRoute.ts"],"sourcesContent":[null]},"_coverageSchema":"1a1c01bbd47fc00a2c39e90264f33305004495a9","hash":"e6b1251db32d05e716e85d6d795e9cfad9f33d06","contentHash":"17e664030aaa1f7f11bed9d43542b5ba1c230863a14b047909b144968dbbc1f5"},"/Users/meryllobo/Downloads/UNI/Uni Code Contributions/gitgood/src/auth.ts":{"path":"/Users/meryllobo/Downloads/UNI/Uni Code Contributions/gitgood/src/auth.ts","statementMap":{"0":{"start":{"line":1,"column":0},"end":{"line":1,"column":87}},"1":{"start":{"line":1,"column":87},"end":{"line":3,"column":4}},"2":{"start":{"line":2,"column":26},"end":{"line":2,"column":39}},"3":{"start":{"line":2,"column":54},"end":{"line":2,"column":75}},"4":{"start":{"line":2,"column":97},"end":{"line":2,"column":128}},"5":{"start":{"line":2,"column":151},"end":{"line":2,"column":177}},"6":{"start":{"line":2,"column":195},"end":{"line":2,"column":216}},"7":{"start":{"line":2,"column":234},"end":{"line":2,"column":265}},"8":{"start":{"line":2,"column":277},"end":{"line":2,"column":343}},"9":{"start":{"line":2,"column":293},"end":{"line":2,"column":343}},"10":{"start":{"line":2,"column":357},"end":{"line":2,"column":447}},"11":{"start":{"line":2,"column":372},"end":{"line":2,"column":446}},"12":{"start":{"line":2,"column":392},"end":{"line":2,"column":446}},"13":{"start":{"line":2,"column":464},"end":{"line":2,"column":741}},"14":{"start":{"line":2,"column":488},"end":{"line":2,"column":731}},"15":{"start":{"line":2,"column":547},"end":{"line":2,"column":730}},"16":{"start":{"line":2,"column":586},"end":{"line":2,"column":730}},"17":{"start":{"line":2,"column":630},"end":{"line":2,"column":730}},"18":{"start":{"line":2,"column":656},"end":{"line":2,"column":665}},"19":{"start":{"line":2,"column":731},"end":{"line":2,"column":740}},"20":{"start":{"line":2,"column":754},"end":{"line":2,"column":942}},"21":{"start":{"line":2,"column":780},"end":{"line":2,"column":941}},"22":{"start":{"line":2,"column":960},"end":{"line":2,"column":1021}},"23":{"start":{"line":2,"column":965},"end":{"line":2,"column":1021}},"24":{"start":{"line":2,"column":1039},"end":{"line":2,"column":1041}},"25":{"start":{"line":2,"column":1042},"end":{"line":2,"column":1097}},"26":{"start":{"line":2,"column":1082},"end":{"line":2,"column":1094}},"27":{"start":{"line":2,"column":1097},"end":{"line":2,"column":1139}},"28":{"start":{"line":2,"column":1157},"end":{"line":2,"column":1185}},"29":{"start":{"line":2,"column":1204},"end":{"line":2,"column":1223}},"30":{"start":{"line":2,"column":1260},"end":{"line":2,"column":1567}},"31":{"start":{"line":2,"column":1274},"end":{"line":2,"column":1298}},"32":{"start":{"line":2,"column":1315},"end":{"line":2,"column":1344}},"33":{"start":{"line":2,"column":1361},"end":{"line":2,"column":1389}},"34":{"start":{"line":2,"column":1390},"end":{"line":2,"column":1510}},"35":{"start":{"line":2,"column":1428},"end":{"line":2,"column":1509}},"36":{"start":{"line":2,"column":1510},"end":{"line":2,"column":1516}},"37":{"start":{"line":2,"column":1528},"end":{"line":2,"column":1566}},"38":{"start":{"line":2,"column":1568},"end":{"line":2,"column":1604}},"39":{"start":{"line":2,"column":1604},"end":{"line":2,"column":1639}}},"fnMap":{"0":{"name":"(anonymous_0)","decl":{"start":{"line":1,"column":88},"end":{"line":1,"column":89}},"loc":{"start":{"line":1,"column":92},"end":{"line":3,"column":1}},"line":1},"1":{"name":"(anonymous_1)","decl":{"start":{"line":2,"column":277},"end":{"line":2,"column":278}},"loc":{"start":{"line":2,"column":293},"end":{"line":2,"column":343}},"line":2},"2":{"name":"(anonymous_2)","decl":{"start":{"line":2,"column":357},"end":{"line":2,"column":358}},"loc":{"start":{"line":2,"column":371},"end":{"line":2,"column":447}},"line":2},"3":{"name":"(anonymous_3)","decl":{"start":{"line":2,"column":464},"end":{"line":2,"column":465}},"loc":{"start":{"line":2,"column":487},"end":{"line":2,"column":741}},"line":2},"4":{"name":"(anonymous_4)","decl":{"start":{"line":2,"column":652},"end":{"line":2,"column":653}},"loc":{"start":{"line":2,"column":656},"end":{"line":2,"column":665}},"line":2},"5":{"name":"(anonymous_5)","decl":{"start":{"line":2,"column":754},"end":{"line":2,"column":755}},"loc":{"start":{"line":2,"column":780},"end":{"line":2,"column":941}},"line":2},"6":{"name":"(anonymous_6)","decl":{"start":{"line":2,"column":960},"end":{"line":2,"column":961}},"loc":{"start":{"line":2,"column":965},"end":{"line":2,"column":1021}},"line":2},"7":{"name":"(anonymous_7)","decl":{"start":{"line":2,"column":1078},"end":{"line":2,"column":1079}},"loc":{"start":{"line":2,"column":1082},"end":{"line":2,"column":1094}},"line":2},"8":{"name":"authenticate","decl":{"start":{"line":2,"column":1233},"end":{"line":2,"column":1245}},"loc":{"start":{"line":2,"column":1259},"end":{"line":2,"column":1568}},"line":2}},"branchMap":{"0":{"loc":{"start":{"line":2,"column":488},"end":{"line":2,"column":731}},"type":"if","locations":[{"start":{"line":2,"column":488},"end":{"line":2,"column":731}},{"start":{},"end":{}}],"line":2},"1":{"loc":{"start":{"line":2,"column":491},"end":{"line":2,"column":545}},"type":"binary-expr","locations":[{"start":{"line":2,"column":491},"end":{"line":2,"column":495}},{"start":{"line":2,"column":497},"end":{"line":2,"column":519}},{"start":{"line":2,"column":521},"end":{"line":2,"column":545}}],"line":2},"2":{"loc":{"start":{"line":2,"column":586},"end":{"line":2,"column":730}},"type":"if","locations":[{"start":{"line":2,"column":586},"end":{"line":2,"column":730}},{"start":{},"end":{}}],"line":2},"3":{"loc":{"start":{"line":2,"column":589},"end":{"line":2,"column":629}},"type":"binary-expr","locations":[{"start":{"line":2,"column":589},"end":{"line":2,"column":615}},{"start":{"line":2,"column":617},"end":{"line":2,"column":629}}],"line":2},"4":{"loc":{"start":{"line":2,"column":677},"end":{"line":2,"column":728}},"type":"binary-expr","locations":[{"start":{"line":2,"column":677},"end":{"line":2,"column":711}},{"start":{"line":2,"column":713},"end":{"line":2,"column":728}}],"line":2},"5":{"loc":{"start":{"line":2,"column":787},"end":{"line":2,"column":827}},"type":"cond-expr","locations":[{"start":{"line":2,"column":797},"end":{"line":2,"column":824}},{"start":{"line":2,"column":825},"end":{"line":2,"column":827}}],"line":2},"6":{"loc":{"start":{"line":2,"column":840},"end":{"line":2,"column":936}},"type":"cond-expr","locations":[{"start":{"line":2,"column":874},"end":{"line":2,"column":929}},{"start":{"line":2,"column":930},"end":{"line":2,"column":936}}],"line":2},"7":{"loc":{"start":{"line":2,"column":840},"end":{"line":2,"column":873}},"type":"binary-expr","locations":[{"start":{"line":2,"column":840},"end":{"line":2,"column":850}},{"start":{"line":2,"column":852},"end":{"line":2,"column":856}},{"start":{"line":2,"column":858},"end":{"line":2,"column":873}}],"line":2},"8":{"loc":{"start":{"line":2,"column":1315},"end":{"line":2,"column":1344}},"type":"cond-expr","locations":[{"start":{"line":2,"column":1334},"end":{"line":2,"column":1340}},{"start":{"line":2,"column":1341},"end":{"line":2,"column":1344}}],"line":2},"9":{"loc":{"start":{"line":2,"column":1390},"end":{"line":2,"column":1510}},"type":"if","locations":[{"start":{"line":2,"column":1390},"end":{"line":2,"column":1510}},{"start":{},"end":{}}],"line":2},"10":{"loc":{"start":{"line":2,"column":1393},"end":{"line":2,"column":1426}},"type":"binary-expr","locations":[{"start":{"line":2,"column":1393},"end":{"line":2,"column":1403}},{"start":{"line":2,"column":1405},"end":{"line":2,"column":1426}}],"line":2},"11":{"loc":{"start":{"line":2,"column":1604},"end":{"line":2,"column":1638}},"type":"binary-expr","locations":[{"start":{"line":2,"column":1604},"end":{"line":2,"column":1605}},{"start":{"line":2,"column":1608},"end":{"line":2,"column":1637}}],"line":2}},"s":{"0":1,"1":1,"2":1,"3":1,"4":1,"5":1,"6":1,"7":1,"8":1,"9":1,"10":1,"11":1,"12":1,"13":1,"14":2,"15":2,"16":3,"17":3,"18":181,"19":2,"20":1,"21":1,"22":1,"23":1,"24":1,"25":1,"26":9,"27":1,"28":1,"29":1,"30":172,"31":172,"32":172,"33":172,"34":172,"35":0,"36":172,"37":0,"38":1,"39":1},"f":{"0":1,"1":1,"2":1,"3":2,"4":181,"5":1,"6":1,"7":9,"8":172},"b":{"0":[2,0],"1":[2,2,0],"2":[3,0],"3":[3,3],"4":[3,3],"5":[1,0],"6":[0,1],"7":[1,1,1],"8":[0,172],"9":[0,172],"10":[172,172],"11":[1,0]},"inputSourceMap":{"version":3,"mappings":";8/BAAA,qHASA,kBAAmB,6BACnB,kBAAyC,oBAElC,SAAS,aAAa,IAAc,IAAe,KAA0B,CAClF,GAAI,CACF,MAAM,IAAM,IAAI,QAAQ,WAAW,EAEnC,MAAM,UAAY,MAAM,QAAQ,GAAG,EAAI,IAAI,CAAC,EAAI,IAChD,MAAM,UAAY,cAAAA,QAAO,OAEzB,GAAI,CAAC,WAAa,YAAc,UAAW,CACzC,MAAM,IAAI,0BAAY,eAAgB,6BAA6B,CACrE,CAEA,KAAK,CACP,OAAS,IAAK,IACZ,2BAAY,IAAK,GAAG,CACtB,CACF,CAfgB","names":["config"],"ignoreList":[],"sources":["/Users/meryllobo/Downloads/UNI/Uni Code Contributions/gitgood/src/auth.ts"],"sourcesContent":[null]},"_coverageSchema":"1a1c01bbd47fc00a2c39e90264f33305004495a9","hash":"de66e21e2a0666fe1d970731a421871f68a80208","contentHash":"4996353ba9429bf7ffb0e31b6029a6b42b9cbad25c5101760a6eb9d813dfe9e3"}}