{"/Users/meryllobo/Downloads/UNI/Uni Code Contributions/gitgood/src/errors.ts": {"path":"/Users/meryllobo/Downloads/UNI/Uni Code Contributions/gitgood/src/errors.ts","statementMap":{"0":{"start":{"line":33,"column":0},"end":{"line":33,"column":16}},"1":{"start":{"line":63,"column":0},"end":{"line":63,"column":16}},"2":{"start":{"line":27,"column":4},"end":{"line":27,"column":19}},"3":{"start":{"line":28,"column":4},"end":{"line":28,"column":23}},"4":{"start":{"line":29,"column":4},"end":{"line":29,"column":27}},"5":{"start":{"line":20,"column":0},"end":{"line":20,"column":13}},"6":{"start":{"line":34,"column":2},"end":{"line":54,"column":3}},"7":{"start":{"line":36,"column":6},"end":{"line":36,"column":17}},"8":{"start":{"line":38,"column":6},"end":{"line":38,"column":17}},"9":{"start":{"line":40,"column":6},"end":{"line":40,"column":17}},"10":{"start":{"line":42,"column":6},"end":{"line":42,"column":17}},"11":{"start":{"line":49,"column":6},"end":{"line":49,"column":17}},"12":{"start":{"line":51,"column":6},"end":{"line":51,"column":17}},"13":{"start":{"line":53,"column":6},"end":{"line":53,"column":79}},"14":{"start":{"line":64,"column":2},"end":{"line":66,"column":3}},"15":{"start":{"line":65,"column":4},"end":{"line":65,"column":97}},"16":{"start":{"line":68,"column":2},"end":{"line":68,"column":12}}},"fnMap":{"0":{"name":"(anonymous_0)","decl":{"start":{"line":26,"column":2},"end":{"line":26,"column":14}},"loc":{"start":{"line":26,"column":44},"end":{"line":30,"column":3}}},"1":{"name":"errorToStatus","decl":{"start":{"line":33,"column":16},"end":{"line":33,"column":29}},"loc":{"start":{"line":33,"column":39},"end":{"line":55,"column":1}}},"2":{"name":"handleError","decl":{"start":{"line":63,"column":16},"end":{"line":63,"column":27}},"loc":{"start":{"line":63,"column":55},"end":{"line":69,"column":1}}}},"branchMap":{"0":{"loc":{"start":{"line":34,"column":2},"end":{"line":54,"column":3}},"type":"switch","locations":[{"start":{"line":35,"column":4},"end":{"line":36,"column":17}},{"start":{"line":37,"column":4},"end":{"line":38,"column":17}},{"start":{"line":39,"column":4},"end":{"line":40,"column":17}},{"start":{"line":41,"column":4},"end":{"line":42,"column":17}},{"start":{"line":43,"column":4},"end":{"line":43,"column":20}},{"start":{"line":44,"column":4},"end":{"line":44,"column":29}},{"start":{"line":45,"column":4},"end":{"line":45,"column":29}},{"start":{"line":46,"column":4},"end":{"line":46,"column":33}},{"start":{"line":47,"column":4},"end":{"line":47,"column":33}},{"start":{"line":48,"column":4},"end":{"line":49,"column":17}},{"start":{"line":50,"column":4},"end":{"line":51,"column":17}},{"start":{"line":52,"column":4},"end":{"line":53,"column":79}}]},"1":{"loc":{"start":{"line":64,"column":2},"end":{"line":66,"column":3}},"type":"if","locations":[{"start":{"line":64,"column":2},"end":{"line":66,"column":3}},{"start":{},"end":{}}]}},"s":{"0":1,"1":1,"2":24,"3":24,"4":24,"5":1,"6":13,"7":1,"8":1,"9":2,"10":1,"11":6,"12":1,"13":1,"14":2,"15":1,"16":1},"f":{"0":24,"1":13,"2":2},"b":{"0":[1,1,2,1,1,2,3,4,5,6,1,1],"1":[1,1]}}
,"/Users/meryllobo/Downloads/UNI/Uni Code Contributions/gitgood/src/httpWrappers.ts": {"path":"/Users/meryllobo/Downloads/UNI/Uni Code Contributions/gitgood/src/httpWrappers.ts","statementMap":{"0":{"start":{"line":1,"column":0},"end":{"line":1,"column":40}},"1":{"start":{"line":4,"column":19},"end":{"line":4,"column":68}},"2":{"start":{"line":5,"column":19},"end":{"line":5,"column":27}},"3":{"start":{"line":6,"column":16},"end":{"line":6,"column":41}},"4":{"start":{"line":8,"column":28},"end":{"line":12,"column":1}},"5":{"start":{"line":9,"column":14},"end":{"line":9,"column":85}},"6":{"start":{"line":10,"column":18},"end":{"line":10,"column":49}},"7":{"start":{"line":11,"column":2},"end":{"line":11,"column":55}},"8":{"start":{"line":8,"column":13},"end":{"line":8,"column":28}},"9":{"start":{"line":14,"column":29},"end":{"line":18,"column":1}},"10":{"start":{"line":15,"column":14},"end":{"line":15,"column":80}},"11":{"start":{"line":16,"column":18},"end":{"line":16,"column":49}},"12":{"start":{"line":17,"column":2},"end":{"line":17,"column":55}},"13":{"start":{"line":14,"column":13},"end":{"line":14,"column":29}},"14":{"start":{"line":20,"column":36},"end":{"line":50,"column":1}},"15":{"start":{"line":32,"column":14},"end":{"line":47,"column":4}},"16":{"start":{"line":48,"column":18},"end":{"line":48,"column":49}},"17":{"start":{"line":49,"column":2},"end":{"line":49,"column":55}},"18":{"start":{"line":20,"column":13},"end":{"line":20,"column":36}},"19":{"start":{"line":52,"column":34},"end":{"line":71,"column":1}},"20":{"start":{"line":58,"column":17},"end":{"line":58,"column":38}},"21":{"start":{"line":59,"column":2},"end":{"line":59,"column":52}},"22":{"start":{"line":59,"column":16},"end":{"line":59,"column":52}},"23":{"start":{"line":60,"column":2},"end":{"line":60,"column":46}},"24":{"start":{"line":60,"column":14},"end":{"line":60,"column":46}},"25":{"start":{"line":61,"column":2},"end":{"line":61,"column":62}},"26":{"start":{"line":61,"column":26},"end":{"line":61,"column":62}},"27":{"start":{"line":62,"column":2},"end":{"line":62,"column":86}},"28":{"start":{"line":62,"column":34},"end":{"line":62,"column":86}},"29":{"start":{"line":63,"column":13},"end":{"line":63,"column":61}},"30":{"start":{"line":65,"column":14},"end":{"line":68,"column":4}},"31":{"start":{"line":69,"column":18},"end":{"line":69,"column":49}},"32":{"start":{"line":70,"column":2},"end":{"line":70,"column":55}},"33":{"start":{"line":52,"column":13},"end":{"line":52,"column":34}},"34":{"start":{"line":73,"column":33},"end":{"line":80,"column":1}},"35":{"start":{"line":74,"column":14},"end":{"line":77,"column":4}},"36":{"start":{"line":78,"column":18},"end":{"line":78,"column":49}},"37":{"start":{"line":79,"column":2},"end":{"line":79,"column":55}},"38":{"start":{"line":73,"column":13},"end":{"line":73,"column":33}},"39":{"start":{"line":82,"column":36},"end":{"line":90,"column":1}},"40":{"start":{"line":83,"column":14},"end":{"line":87,"column":4}},"41":{"start":{"line":88,"column":18},"end":{"line":88,"column":49}},"42":{"start":{"line":89,"column":2},"end":{"line":89,"column":55}},"43":{"start":{"line":82,"column":13},"end":{"line":82,"column":36}},"44":{"start":{"line":92,"column":36},"end":{"line":99,"column":1}},"45":{"start":{"line":93,"column":14},"end":{"line":96,"column":4}},"46":{"start":{"line":97,"column":18},"end":{"line":97,"column":49}},"47":{"start":{"line":98,"column":2},"end":{"line":98,"column":55}},"48":{"start":{"line":92,"column":13},"end":{"line":92,"column":36}},"49":{"start":{"line":101,"column":37},"end":{"line":108,"column":1}},"50":{"start":{"line":102,"column":14},"end":{"line":105,"column":4}},"51":{"start":{"line":106,"column":18},"end":{"line":106,"column":49}},"52":{"start":{"line":107,"column":2},"end":{"line":107,"column":55}},"53":{"start":{"line":101,"column":13},"end":{"line":101,"column":37}},"54":{"start":{"line":110,"column":38},"end":{"line":117,"column":1}},"55":{"start":{"line":111,"column":14},"end":{"line":114,"column":4}},"56":{"start":{"line":115,"column":18},"end":{"line":115,"column":49}},"57":{"start":{"line":116,"column":2},"end":{"line":116,"column":55}},"58":{"start":{"line":110,"column":13},"end":{"line":110,"column":38}},"59":{"start":{"line":119,"column":38},"end":{"line":126,"column":1}},"60":{"start":{"line":120,"column":14},"end":{"line":123,"column":4}},"61":{"start":{"line":124,"column":18},"end":{"line":124,"column":49}},"62":{"start":{"line":125,"column":2},"end":{"line":125,"column":55}},"63":{"start":{"line":119,"column":13},"end":{"line":119,"column":38}},"64":{"start":{"line":128,"column":38},"end":{"line":140,"column":1}},"65":{"start":{"line":129,"column":14},"end":{"line":132,"column":4}},"66":{"start":{"line":133,"column":14},"end":{"line":133,"column":33}},"67":{"start":{"line":134,"column":2},"end":{"line":139,"column":3}},"68":{"start":{"line":135,"column":20},"end":{"line":135,"column":35}},"69":{"start":{"line":136,"column":4},"end":{"line":136,"column":57}},"70":{"start":{"line":138,"column":4},"end":{"line":138,"column":53}},"71":{"start":{"line":128,"column":13},"end":{"line":128,"column":38}}},"fnMap":{"0":{"name":"(anonymous_1)","decl":{"start":{"line":8,"column":28},"end":{"line":8,"column":31}},"loc":{"start":{"line":8,"column":33},"end":{"line":12,"column":1}}},"1":{"name":"(anonymous_2)","decl":{"start":{"line":14,"column":29},"end":{"line":14,"column":32}},"loc":{"start":{"line":14,"column":34},"end":{"line":18,"column":1}}},"2":{"name":"(anonymous_3)","decl":{"start":{"line":20,"column":36},"end":{"line":20,"column":null}},"loc":{"start":{"line":31,"column":4},"end":{"line":50,"column":1}}},"3":{"name":"(anonymous_4)","decl":{"start":{"line":52,"column":34},"end":{"line":52,"column":null}},"loc":{"start":{"line":57,"column":4},"end":{"line":71,"column":1}}},"4":{"name":"(anonymous_5)","decl":{"start":{"line":73,"column":33},"end":{"line":73,"column":34}},"loc":{"start":{"line":73,"column":55},"end":{"line":80,"column":1}}},"5":{"name":"(anonymous_6)","decl":{"start":{"line":82,"column":36},"end":{"line":82,"column":37}},"loc":{"start":{"line":82,"column":75},"end":{"line":90,"column":1}}},"6":{"name":"(anonymous_7)","decl":{"start":{"line":92,"column":36},"end":{"line":92,"column":37}},"loc":{"start":{"line":92,"column":58},"end":{"line":99,"column":1}}},"7":{"name":"(anonymous_8)","decl":{"start":{"line":101,"column":37},"end":{"line":101,"column":38}},"loc":{"start":{"line":101,"column":59},"end":{"line":108,"column":1}}},"8":{"name":"(anonymous_9)","decl":{"start":{"line":110,"column":38},"end":{"line":110,"column":39}},"loc":{"start":{"line":110,"column":60},"end":{"line":117,"column":1}}},"9":{"name":"(anonymous_10)","decl":{"start":{"line":119,"column":38},"end":{"line":119,"column":39}},"loc":{"start":{"line":119,"column":60},"end":{"line":126,"column":1}}},"10":{"name":"(anonymous_11)","decl":{"start":{"line":128,"column":38},"end":{"line":128,"column":39}},"loc":{"start":{"line":128,"column":76},"end":{"line":140,"column":1}}}},"branchMap":{"0":{"loc":{"start":{"line":4,"column":19},"end":{"line":4,"column":68}},"type":"binary-expr","locations":[{"start":{"line":4,"column":19},"end":{"line":4,"column":41}},{"start":{"line":4,"column":45},"end":{"line":4,"column":68}}]},"1":{"loc":{"start":{"line":6,"column":16},"end":{"line":6,"column":41}},"type":"binary-expr","locations":[{"start":{"line":6,"column":16},"end":{"line":6,"column":35}},{"start":{"line":6,"column":39},"end":{"line":6,"column":41}}]},"2":{"loc":{"start":{"line":44,"column":10},"end":{"line":44,"column":62}},"type":"binary-expr","locations":[{"start":{"line":44,"column":10},"end":{"line":44,"column":39}},{"start":{"line":44,"column":43},"end":{"line":44,"column":62}}]},"3":{"loc":{"start":{"line":59,"column":2},"end":{"line":59,"column":52}},"type":"if","locations":[{"start":{"line":59,"column":2},"end":{"line":59,"column":52}},{"start":{},"end":{}}]},"4":{"loc":{"start":{"line":60,"column":2},"end":{"line":60,"column":46}},"type":"if","locations":[{"start":{"line":60,"column":2},"end":{"line":60,"column":46}},{"start":{},"end":{}}]},"5":{"loc":{"start":{"line":61,"column":2},"end":{"line":61,"column":62}},"type":"if","locations":[{"start":{"line":61,"column":2},"end":{"line":61,"column":62}},{"start":{},"end":{}}]},"6":{"loc":{"start":{"line":62,"column":2},"end":{"line":62,"column":86}},"type":"if","locations":[{"start":{"line":62,"column":2},"end":{"line":62,"column":86}},{"start":{},"end":{}}]},"7":{"loc":{"start":{"line":63,"column":13},"end":{"line":63,"column":61}},"type":"cond-expr","locations":[{"start":{"line":63,"column":33},"end":{"line":63,"column":56}},{"start":{"line":63,"column":59},"end":{"line":63,"column":61}}]}},"s":{"0":10,"1":10,"2":10,"3":10,"4":10,"5":28,"6":28,"7":28,"8":10,"9":10,"10":1,"11":1,"12":1,"13":10,"14":10,"15":71,"16":71,"17":71,"18":10,"19":10,"20":5,"21":5,"22":3,"23":5,"24":3,"25":5,"26":1,"27":5,"28":1,"29":5,"30":5,"31":5,"32":5,"33":10,"34":10,"35":13,"36":13,"37":13,"38":10,"39":10,"40":24,"41":24,"42":24,"43":10,"44":10,"45":7,"46":7,"47":7,"48":10,"49":10,"50":18,"51":18,"52":18,"53":10,"54":10,"55":15,"56":15,"57":15,"58":10,"59":10,"60":11,"61":11,"62":11,"63":10,"64":10,"65":8,"66":8,"67":8,"68":8,"69":6,"70":2,"71":10},"f":{"0":28,"1":1,"2":71,"3":5,"4":13,"5":24,"6":7,"7":18,"8":15,"9":11,"10":8},"b":{"0":[10,10],"1":[10,0],"2":[71,1],"3":[3,2],"4":[3,2],"5":[1,4],"6":[1,4],"7":[4,1]}}
,"/Users/meryllobo/Downloads/UNI/Uni Code Contributions/gitgood/src/invoiceInterface.ts": {"path":"/Users/meryllobo/Downloads/UNI/Uni Code Contributions/gitgood/src/invoiceInterface.ts","statementMap":{"0":{"start":{"line":2,"column":13},"end":{"line":2,"column":98}},"1":{"start":{"line":3,"column":13},"end":{"line":3,"column":84}}},"fnMap":{},"branchMap":{},"s":{"0":1,"1":1},"f":{},"b":{}}
,"/Users/meryllobo/Downloads/UNI/Uni Code Contributions/gitgood/src/validateInvoice.ts": {"path":"/Users/meryllobo/Downloads/UNI/Uni Code Contributions/gitgood/src/validateInvoice.ts","statementMap":{"0":{"start":{"line":10,"column":0},"end":{"line":10,"column":16}},"1":{"start":{"line":22,"column":0},"end":{"line":22,"column":16}},"2":{"start":{"line":33,"column":0},"end":{"line":33,"column":16}},"3":{"start":{"line":70,"column":0},"end":{"line":70,"column":16}},"4":{"start":{"line":90,"column":0},"end":{"line":90,"column":16}},"5":{"start":{"line":107,"column":0},"end":{"line":107,"column":16}},"6":{"start":{"line":123,"column":0},"end":{"line":123,"column":16}},"7":{"start":{"line":1,"column":0},"end":{"line":1,"column":39}},"8":{"start":{"line":2,"column":0},"end":{"line":2,"column":null}},"9":{"start":{"line":13,"column":21},"end":{"line":13,"column":38}},"10":{"start":{"line":14,"column":2},"end":{"line":19,"column":3}},"11":{"start":{"line":15,"column":4},"end":{"line":18,"column":6}},"12":{"start":{"line":25,"column":2},"end":{"line":30,"column":3}},"13":{"start":{"line":26,"column":4},"end":{"line":29,"column":6}},"14":{"start":{"line":37,"column":20},"end":{"line":37,"column":45}},"15":{"start":{"line":38,"column":25},"end":{"line":38,"column":55}},"16":{"start":{"line":39,"column":18},"end":{"line":39,"column":28}},"17":{"start":{"line":41,"column":2},"end":{"line":46,"column":3}},"18":{"start":{"line":42,"column":4},"end":{"line":45,"column":6}},"19":{"start":{"line":48,"column":2},"end":{"line":53,"column":3}},"20":{"start":{"line":49,"column":4},"end":{"line":52,"column":6}},"21":{"start":{"line":55,"column":2},"end":{"line":60,"column":3}},"22":{"start":{"line":56,"column":4},"end":{"line":59,"column":6}},"23":{"start":{"line":62,"column":2},"end":{"line":67,"column":3}},"24":{"start":{"line":63,"column":4},"end":{"line":66,"column":6}},"25":{"start":{"line":71,"column":2},"end":{"line":76,"column":3}},"26":{"start":{"line":72,"column":4},"end":{"line":75,"column":6}},"27":{"start":{"line":78,"column":2},"end":{"line":83,"column":3}},"28":{"start":{"line":79,"column":4},"end":{"line":82,"column":6}},"29":{"start":{"line":85,"column":2},"end":{"line":87,"column":3}},"30":{"start":{"line":86,"column":4},"end":{"line":86,"column":146}},"31":{"start":{"line":91,"column":2},"end":{"line":96,"column":3}},"32":{"start":{"line":92,"column":4},"end":{"line":95,"column":6}},"33":{"start":{"line":98,"column":12},"end":{"line":98,"column":13}},"34":{"start":{"line":99,"column":2},"end":{"line":102,"column":3}},"35":{"start":{"line":100,"column":4},"end":{"line":100,"column":23}},"36":{"start":{"line":101,"column":4},"end":{"line":101,"column":27}},"37":{"start":{"line":104,"column":2},"end":{"line":104,"column":17}},"38":{"start":{"line":108,"column":2},"end":{"line":112,"column":3}},"39":{"start":{"line":109,"column":4},"end":{"line":111,"column":52}},"40":{"start":{"line":114,"column":2},"end":{"line":116,"column":3}},"41":{"start":{"line":115,"column":4},"end":{"line":115,"column":113}},"42":{"start":{"line":118,"column":2},"end":{"line":120,"column":3}},"43":{"start":{"line":119,"column":4},"end":{"line":119,"column":137}},"44":{"start":{"line":124,"column":2},"end":{"line":129,"column":3}},"45":{"start":{"line":125,"column":4},"end":{"line":128,"column":6}},"46":{"start":{"line":131,"column":2},"end":{"line":160,"column":3}},"47":{"start":{"line":132,"column":4},"end":{"line":137,"column":5}},"48":{"start":{"line":133,"column":6},"end":{"line":136,"column":8}},"49":{"start":{"line":139,"column":4},"end":{"line":144,"column":5}},"50":{"start":{"line":140,"column":6},"end":{"line":143,"column":8}},"51":{"start":{"line":146,"column":19},"end":{"line":146,"column":56}},"52":{"start":{"line":147,"column":4},"end":{"line":152,"column":5}},"53":{"start":{"line":148,"column":6},"end":{"line":151,"column":8}},"54":{"start":{"line":154,"column":4},"end":{"line":159,"column":5}},"55":{"start":{"line":155,"column":6},"end":{"line":158,"column":8}}},"fnMap":{"0":{"name":"validateName","decl":{"start":{"line":10,"column":16},"end":{"line":10,"column":28}},"loc":{"start":{"line":11,"column":42},"end":{"line":20,"column":1}}},"1":{"name":"validateABN","decl":{"start":{"line":22,"column":16},"end":{"line":22,"column":27}},"loc":{"start":{"line":23,"column":41},"end":{"line":31,"column":1}}},"2":{"name":"validateDates","decl":{"start":{"line":33,"column":16},"end":{"line":33,"column":29}},"loc":{"start":{"line":35,"column":30},"end":{"line":68,"column":1}}},"3":{"name":"validateItem","decl":{"start":{"line":70,"column":16},"end":{"line":70,"column":28}},"loc":{"start":{"line":70,"column":46},"end":{"line":88,"column":1}}},"4":{"name":"validateItems","decl":{"start":{"line":90,"column":16},"end":{"line":90,"column":29}},"loc":{"start":{"line":90,"column":50},"end":{"line":105,"column":1}}},"5":{"name":"validateTotalPayable","decl":{"start":{"line":107,"column":16},"end":{"line":107,"column":36}},"loc":{"start":{"line":107,"column":106},"end":{"line":121,"column":1}}},"6":{"name":"validatePaymentDetails","decl":{"start":{"line":123,"column":16},"end":{"line":123,"column":38}},"loc":{"start":{"line":123,"column":71},"end":{"line":161,"column":1}}}},"branchMap":{"0":{"loc":{"start":{"line":14,"column":2},"end":{"line":19,"column":3}},"type":"if","locations":[{"start":{"line":14,"column":2},"end":{"line":19,"column":3}},{"start":{},"end":{}}]},"1":{"loc":{"start":{"line":25,"column":2},"end":{"line":30,"column":3}},"type":"if","locations":[{"start":{"line":25,"column":2},"end":{"line":30,"column":3}},{"start":{},"end":{}}]},"2":{"loc":{"start":{"line":25,"column":6},"end":{"line":25,"column":60}},"type":"binary-expr","locations":[{"start":{"line":25,"column":6},"end":{"line":25,"column":31}},{"start":{"line":25,"column":35},"end":{"line":25,"column":60}}]},"3":{"loc":{"start":{"line":41,"column":2},"end":{"line":46,"column":3}},"type":"if","locations":[{"start":{"line":41,"column":2},"end":{"line":46,"column":3}},{"start":{},"end":{}}]},"4":{"loc":{"start":{"line":48,"column":2},"end":{"line":53,"column":3}},"type":"if","locations":[{"start":{"line":48,"column":2},"end":{"line":53,"column":3}},{"start":{},"end":{}}]},"5":{"loc":{"start":{"line":55,"column":2},"end":{"line":60,"column":3}},"type":"if","locations":[{"start":{"line":55,"column":2},"end":{"line":60,"column":3}},{"start":{},"end":{}}]},"6":{"loc":{"start":{"line":62,"column":2},"end":{"line":67,"column":3}},"type":"if","locations":[{"start":{"line":62,"column":2},"end":{"line":67,"column":3}},{"start":{},"end":{}}]},"7":{"loc":{"start":{"line":71,"column":2},"end":{"line":76,"column":3}},"type":"if","locations":[{"start":{"line":71,"column":2},"end":{"line":76,"column":3}},{"start":{},"end":{}}]},"8":{"loc":{"start":{"line":78,"column":2},"end":{"line":83,"column":3}},"type":"if","locations":[{"start":{"line":78,"column":2},"end":{"line":83,"column":3}},{"start":{},"end":{}}]},"9":{"loc":{"start":{"line":78,"column":6},"end":{"line":78,"column":47}},"type":"binary-expr","locations":[{"start":{"line":78,"column":6},"end":{"line":78,"column":24}},{"start":{"line":78,"column":28},"end":{"line":78,"column":47}}]},"10":{"loc":{"start":{"line":85,"column":2},"end":{"line":87,"column":3}},"type":"if","locations":[{"start":{"line":85,"column":2},"end":{"line":87,"column":3}},{"start":{},"end":{}}]},"11":{"loc":{"start":{"line":91,"column":2},"end":{"line":96,"column":3}},"type":"if","locations":[{"start":{"line":91,"column":2},"end":{"line":96,"column":3}},{"start":{},"end":{}}]},"12":{"loc":{"start":{"line":108,"column":2},"end":{"line":112,"column":3}},"type":"if","locations":[{"start":{"line":108,"column":2},"end":{"line":112,"column":3}},{"start":{},"end":{}}]},"13":{"loc":{"start":{"line":108,"column":6},"end":{"line":108,"column":32}},"type":"binary-expr","locations":[{"start":{"line":108,"column":6},"end":{"line":108,"column":17}},{"start":{"line":108,"column":21},"end":{"line":108,"column":32}}]},"14":{"loc":{"start":{"line":114,"column":2},"end":{"line":116,"column":3}},"type":"if","locations":[{"start":{"line":114,"column":2},"end":{"line":116,"column":3}},{"start":{},"end":{}}]},"15":{"loc":{"start":{"line":118,"column":2},"end":{"line":120,"column":3}},"type":"if","locations":[{"start":{"line":118,"column":2},"end":{"line":120,"column":3}},{"start":{},"end":{}}]},"16":{"loc":{"start":{"line":124,"column":2},"end":{"line":129,"column":3}},"type":"if","locations":[{"start":{"line":124,"column":2},"end":{"line":129,"column":3}},{"start":{},"end":{}}]},"17":{"loc":{"start":{"line":132,"column":4},"end":{"line":137,"column":5}},"type":"if","locations":[{"start":{"line":132,"column":4},"end":{"line":137,"column":5}},{"start":{},"end":{}}]},"18":{"loc":{"start":{"line":139,"column":4},"end":{"line":144,"column":5}},"type":"if","locations":[{"start":{"line":139,"column":4},"end":{"line":144,"column":5}},{"start":{},"end":{}}]},"19":{"loc":{"start":{"line":147,"column":4},"end":{"line":152,"column":5}},"type":"if","locations":[{"start":{"line":147,"column":4},"end":{"line":152,"column":5}},{"start":{},"end":{}}]},"20":{"loc":{"start":{"line":147,"column":8},"end":{"line":147,"column":95}},"type":"binary-expr","locations":[{"start":{"line":147,"column":8},"end":{"line":147,"column":45}},{"start":{"line":147,"column":49},"end":{"line":147,"column":68}},{"start":{"line":147,"column":72},"end":{"line":147,"column":95}}]},"21":{"loc":{"start":{"line":154,"column":4},"end":{"line":159,"column":5}},"type":"if","locations":[{"start":{"line":154,"column":4},"end":{"line":159,"column":5}},{"start":{},"end":{}}]}},"s":{"0":1,"1":1,"2":1,"3":1,"4":1,"5":1,"6":1,"7":1,"8":1,"9":4,"10":4,"11":2,"12":3,"13":2,"14":5,"15":5,"16":5,"17":5,"18":1,"19":4,"20":1,"21":3,"22":1,"23":2,"24":1,"25":8,"26":2,"27":6,"28":2,"29":4,"30":1,"31":2,"32":1,"33":1,"34":1,"35":2,"36":2,"37":1,"38":5,"39":2,"40":3,"41":1,"42":2,"43":1,"44":6,"45":1,"46":5,"47":5,"48":1,"49":4,"50":1,"51":3,"52":3,"53":1,"54":2,"55":1},"f":{"0":4,"1":3,"2":5,"3":8,"4":2,"5":5,"6":6},"b":{"0":[2,2],"1":[2,1],"2":[3,2],"3":[1,4],"4":[1,3],"5":[1,2],"6":[1,1],"7":[2,6],"8":[2,4],"9":[6,5],"10":[1,3],"11":[1,1],"12":[2,3],"13":[5,4],"14":[1,2],"15":[1,1],"16":[1,5],"17":[1,4],"18":[1,3],"19":[1,2],"20":[3,2,2],"21":[1,1]}}
}
