TN:
SF:src/auth.ts
FN:1,(anonymous_1)
FN:13,authenticate
FNF:2
FNH:2
FNDA:196,(anonymous_1)
FNDA:172,authenticate
DA:1,221
DA:10,1
DA:11,1
DA:13,2
DA:14,172
DA:15,172
DA:17,172
DA:18,172
DA:20,172
DA:21,0
DA:24,172
DA:25,0
LF:12
LH:10
BRDA:1,0,0,5
BRDA:1,1,0,3
BRDA:1,1,1,3
BRDA:1,1,2,1
BRDA:1,2,0,7
BRDA:1,2,1,7
BRDA:17,3,0,0
BRDA:17,3,1,172
BRDA:20,4,0,0
BRDA:20,5,0,172
BRDA:20,5,1,172
BRDA:13,6,0,1
BRDA:13,6,1,0
BRF:13
BRH:10
end_of_record
TN:
SF:src/awsConfig.ts
FN:1,(anonymous_1)
FNF:1
FNH:1
FNDA:3,(anonymous_1)
DA:1,27
DA:2,1
DA:4,1
DA:5,1
DA:7,1
DA:8,1
LF:6
LH:6
BRDA:1,0,0,5
BRDA:1,1,0,1
BRDA:1,1,1,1
BRDA:1,1,2,0
BRDA:1,2,0,8
BRDA:1,2,1,8
BRDA:8,3,0,1
BRDA:8,3,1,0
BRF:8
BRH:6
end_of_record
TN:
SF:src/config.ts
FN:1,(anonymous_1)
FN:15,(anonymous_6)
FNF:2
FNH:2
FNDA:359,(anonymous_1)
FNDA:172,(anonymous_6)
DA:1,374
DA:2,1
DA:3,1
DA:4,0
DA:6,1
DA:10,1
DA:15,172
LF:7
LH:6
BRDA:1,0,0,2
BRDA:1,1,0,1
BRDA:1,1,1,1
BRDA:1,1,2,0
BRDA:1,2,0,2
BRDA:1,2,1,2
BRDA:2,3,0,1
BRDA:3,4,0,0
BRDA:3,4,1,1
BRDA:11,5,0,1
BRDA:11,5,1,1
BRDA:12,6,0,1
BRDA:12,6,1,1
BRDA:15,7,0,172
BRDA:15,7,1,0
BRF:15
BRH:12
end_of_record
TN:
SF:src/debug.ts
FN:1,(anonymous_1)
FN:9,echo
FN:13,clear
FNF:3
FNH:1
FNDA:5,(anonymous_1)
FNDA:0,echo
FNDA:0,clear
DA:1,24
DA:7,1
DA:9,1
DA:10,0
DA:13,2
DA:14,0
LF:6
LH:4
BRDA:1,0,0,3
BRDA:1,1,0,1
BRDA:1,1,1,1
BRDA:1,1,2,0
BRDA:1,2,0,4
BRDA:1,2,1,4
BRDA:13,3,0,1
BRDA:13,3,1,0
BRF:8
BRH:6
end_of_record
TN:
SF:src/docsMiddleware.ts
FN:1,(anonymous_1)
FN:7,docs
FNF:2
FNH:2
FNDA:8,(anonymous_1)
FNDA:1,docs
DA:1,39
DA:2,1
DA:3,1
DA:4,1
DA:5,1
DA:7,1
DA:8,1
DA:10,1
DA:14,1
DA:15,1
DA:17,1
LF:11
LH:11
BRDA:1,0,0,8
BRDA:1,1,0,3
BRDA:1,1,1,3
BRDA:1,1,2,1
BRDA:1,2,0,14
BRDA:1,2,1,12
BRF:6
BRH:6
end_of_record
TN:
SF:src/dynamoService.ts
FN:1,(anonymous_1)
FN:13,saveInvoice
FN:25,getInvoiceById
FN:38,listAllInvoices
FN:50,deleteInvoiceById
FN:62,clearStore
FNF:6
FNH:6
FNDA:564,(anonymous_1)
FNDA:94,saveInvoice
FNDA:95,getInvoiceById
FNDA:3,listAllInvoices
FNDA:3,deleteInvoiceById
FNDA:83,clearStore
DA:1,592
DA:6,1
DA:7,1
DA:10,1
DA:11,1
DA:13,1
DA:14,94
DA:15,94
DA:16,94
DA:19,0
DA:25,1
DA:26,95
DA:27,95
DA:30,0
DA:35,0
DA:38,1
DA:39,3
DA:40,3
DA:43,0
DA:47,0
DA:50,1
DA:51,3
DA:52,3
DA:53,3
DA:56,0
DA:62,2
DA:63,83
LF:27
LH:21
BRDA:1,0,0,6
BRDA:1,1,0,1
BRDA:1,1,1,1
BRDA:1,1,2,0
BRDA:1,2,0,10
BRDA:1,2,1,10
BRDA:14,3,0,94
BRDA:26,4,0,95
BRDA:27,5,0,95
BRDA:27,5,1,11
BRDA:35,6,0,0
BRDA:35,6,1,0
BRDA:39,7,0,3
BRDA:47,8,0,0
BRDA:47,8,1,0
BRDA:51,9,0,3
BRDA:62,10,0,1
BRDA:62,10,1,0
BRF:18
BRH:12
end_of_record
TN:
SF:src/errorHandler.ts
FN:1,(anonymous_1)
FN:9,errorHandler
FNF:2
FNH:1
FNDA:6,(anonymous_1)
FNDA:0,errorHandler
DA:1,22
DA:9,2
DA:16,0
DA:17,0
LF:4
LH:2
BRDA:1,0,0,2
BRDA:1,1,0,1
BRDA:1,1,1,1
BRDA:1,1,2,0
BRDA:1,2,0,2
BRDA:1,2,1,2
BRDA:9,3,0,1
BRDA:9,3,1,0
BRF:8
BRH:6
end_of_record
TN:
SF:src/errors.ts
FN:1,(anonymous_1)
FN:26,(anonymous_9)
FN:33,errorToStatus
FN:63,handleError
FNF:4
FNH:4
FNDA:242,(anonymous_1)
FNDA:59,(anonymous_9)
FNDA:59,errorToStatus
FNDA:59,handleError
DA:1,264
DA:20,1
DA:27,59
DA:28,59
DA:29,59
DA:33,1
DA:34,59
DA:36,0
DA:38,43
DA:40,11
DA:42,0
DA:49,5
DA:51,0
DA:53,0
DA:63,2
DA:64,59
DA:65,59
DA:68,0
LF:18
LH:13
BRDA:1,0,0,4
BRDA:1,1,0,1
BRDA:1,1,1,1
BRDA:1,1,2,0
BRDA:1,2,0,6
BRDA:1,2,1,6
BRDA:34,3,0,0
BRDA:34,3,1,43
BRDA:34,3,2,11
BRDA:34,3,3,0
BRDA:34,3,4,0
BRDA:34,3,5,0
BRDA:34,3,6,1
BRDA:34,3,7,1
BRDA:34,3,8,3
BRDA:34,3,9,5
BRDA:34,3,10,0
BRDA:34,3,11,0
BRDA:64,4,0,59
BRDA:63,5,0,1
BRDA:63,5,1,0
BRF:21
BRH:13
end_of_record
TN:
SF:src/healthRoute.ts
FN:1,(anonymous_1)
FN:5,(anonymous_6)
FNF:2
FNH:2
FNDA:5,(anonymous_1)
FNDA:1,(anonymous_6)
DA:1,20
DA:3,1
DA:5,1
DA:6,1
DA:12,1
LF:5
LH:5
BRDA:1,0,0,2
BRDA:1,1,0,1
BRDA:1,1,1,1
BRDA:1,1,2,0
BRDA:1,2,0,2
BRDA:1,2,1,2
BRF:6
BRH:5
end_of_record
TN:
SF:src/invoiceInterface.ts
FN:1,(anonymous_1)
FNF:1
FNH:1
FNDA:287,(anonymous_1)
DA:1,305
DA:2,1
DA:3,1
LF:3
LH:3
BRDA:1,0,0,3
BRDA:1,1,0,1
BRDA:1,1,1,1
BRDA:1,1,2,0
BRDA:1,2,0,4
BRDA:1,2,1,4
BRDA:3,3,0,1
BRDA:3,3,1,0
BRF:8
BRH:6
end_of_record
TN:
SF:src/invoiceService.ts
FN:1,(anonymous_1)
FN:43,listInvoice
FN:78,(anonymous_17)
FN:84,(anonymous_18)
FN:92,(anonymous_19)
FN:100,createInvoice
FN:210,(anonymous_21)
FN:240,getInvoice
FN:257,validateInvoice
FN:323,finaliseInvoice
FN:353,convertInvoice
FN:417,(anonymous_26)
FN:447,(anonymous_27)
FN:485,updateInvoice
FN:595,(anonymous_29)
FN:613,deleteInvoice
FN:642,downloadInvoice
FN:681,(anonymous_32)
FN:691,clearInvoices
FN:700,(anonymous_34)
FNF:20
FNH:16
FNDA:523,(anonymous_1)
FNDA:5,listInvoice
FNDA:0,(anonymous_17)
FNDA:0,(anonymous_18)
FNDA:0,(anonymous_19)
FNDA:71,createInvoice
FNDA:57,(anonymous_21)
FNDA:13,getInvoice
FNDA:15,validateInvoice
FNDA:11,finaliseInvoice
FNDA:18,convertInvoice
FNDA:16,(anonymous_26)
FNDA:16,(anonymous_27)
FNDA:24,updateInvoice
FNDA:1,(anonymous_29)
FNDA:7,deleteInvoice
FNDA:8,downloadInvoice
FNDA:18,(anonymous_32)
FNDA:83,clearInvoices
FNDA:0,(anonymous_34)
DA:1,566
DA:13,1
DA:22,1
DA:30,1
DA:37,1
DA:39,1
DA:40,1
DA:41,1
DA:43,1
DA:48,5
DA:50,5
DA:51,0
DA:56,5
DA:57,0
DA:62,5
DA:63,0
DA:68,5
DA:69,2
DA:75,3
DA:77,3
DA:78,1
DA:81,3
DA:82,1
DA:83,1
DA:84,1
DA:87,3
DA:88,3
DA:89,3
DA:91,3
DA:92,0
DA:100,1
DA:105,71
DA:107,71
DA:108,7
DA:114,64
DA:115,64
DA:116,2
DA:122,62
DA:123,1
DA:129,61
DA:130,1
DA:136,60
DA:137,1
DA:143,59
DA:144,60
DA:145,0
DA:151,60
DA:152,1
DA:158,59
DA:159,1
DA:165,58
DA:166,0
DA:173,57
DA:174,1
DA:180,56
DA:181,56
DA:182,0
DA:188,56
DA:189,0
DA:195,56
DA:196,0
DA:201,56
DA:202,0
DA:209,56
DA:210,57
DA:212,56
DA:213,56
DA:215,56
DA:217,56
DA:236,56
DA:237,56
DA:240,1
DA:241,13
DA:243,13
DA:244,3
DA:250,10
DA:251,3
DA:254,10
DA:257,1
DA:258,15
DA:260,15
DA:261,1
DA:267,14
DA:268,1
DA:274,13
DA:276,13
DA:277,13
DA:280,0
DA:283,13
DA:284,13
DA:287,0
DA:290,13
DA:293,0
DA:296,13
DA:297,13
DA:300,0
DA:303,13
DA:306,0
DA:309,13
DA:310,12
DA:313,13
DA:315,13
DA:323,1
DA:324,11
DA:326,11
DA:327,1
DA:333,10
DA:334,2
DA:340,8
DA:341,8
DA:343,8
DA:345,8
DA:353,1
DA:358,18
DA:360,18
DA:361,1
DA:367,17
DA:368,1
DA:374,16
DA:376,0
DA:382,16
DA:417,16
DA:447,16
DA:462,16
DA:469,16
DA:471,16
DA:473,16
DA:474,16
DA:475,16
DA:476,16
DA:478,16
DA:485,1
DA:497,24
DA:499,24
DA:500,1
DA:506,23
DA:508,1
DA:511,22
DA:513,1
DA:516,20
DA:518,1
DA:521,19
DA:523,1
DA:526,17
DA:527,5
DA:528,5
DA:530,1
DA:531,1
DA:534,13
DA:535,3
DA:536,3
DA:537,2
DA:542,1
DA:543,0
DA:549,1
DA:552,11
DA:553,0
DA:556,11
DA:557,11
DA:558,11
DA:560,11
DA:561,1
DA:567,10
DA:568,10
DA:569,9
DA:574,1
DA:575,0
DA:580,1
DA:581,0
DA:586,1
DA:587,1
DA:588,0
DA:595,1
DA:596,1
DA:597,1
DA:598,1
DA:599,1
DA:602,1
DA:604,1
DA:606,1
DA:613,1
DA:614,7
DA:615,1
DA:621,6
DA:623,6
DA:624,3
DA:630,3
DA:631,0
DA:634,3
DA:636,3
DA:642,1
DA:647,8
DA:649,8
DA:650,1
DA:656,7
DA:657,2
DA:663,5
DA:664,5
DA:665,2
DA:671,3
DA:672,2
DA:673,2
DA:680,1
DA:681,18
DA:684,1
DA:691,2
DA:692,83
DA:693,83
DA:695,83
DA:698,0
DA:699,0
DA:701,0
DA:702,0
DA:704,0
LF:214
LH:187
BRDA:1,0,0,11
BRDA:1,1,0,1
BRDA:1,1,1,1
BRDA:1,1,2,0
BRDA:1,2,0,20
BRDA:1,2,1,20
BRDA:48,3,0,4
BRDA:48,4,0,4
BRDA:50,5,0,0
BRDA:50,6,0,5
BRDA:50,6,1,5
BRDA:56,7,0,0
BRDA:56,8,0,5
BRDA:56,8,1,3
BRDA:62,9,0,0
BRDA:62,10,0,5
BRDA:62,10,1,3
BRDA:68,11,0,2
BRDA:68,12,0,5
BRDA:68,12,1,3
BRDA:68,12,2,3
BRDA:77,13,0,1
BRDA:81,14,0,1
BRDA:107,15,0,7
BRDA:107,16,0,71
BRDA:107,16,1,69
BRDA:107,16,2,68
BRDA:107,16,3,67
BRDA:107,16,4,66
BRDA:107,16,5,65
BRDA:115,17,0,2
BRDA:115,18,0,64
BRDA:115,18,1,63
BRDA:122,19,0,1
BRDA:129,20,0,1
BRDA:129,21,0,61
BRDA:129,21,1,61
BRDA:129,21,2,61
BRDA:129,21,3,61
BRDA:129,21,4,60
BRDA:136,22,0,1
BRDA:136,23,0,60
BRDA:136,23,1,60
BRDA:144,24,0,0
BRDA:144,25,0,60
BRDA:144,25,1,60
BRDA:151,26,0,1
BRDA:151,27,0,60
BRDA:151,27,1,59
BRDA:158,28,0,1
BRDA:158,29,0,59
BRDA:158,29,1,59
BRDA:165,30,0,0
BRDA:173,31,0,1
BRDA:173,32,0,57
BRDA:173,32,1,57
BRDA:181,33,0,0
BRDA:188,34,0,0
BRDA:195,35,0,0
BRDA:195,36,0,56
BRDA:195,36,1,56
BRDA:201,37,0,0
BRDA:231,38,0,56
BRDA:231,38,1,55
BRDA:243,39,0,3
BRDA:250,40,0,3
BRDA:250,41,0,10
BRDA:250,41,1,3
BRDA:260,42,0,1
BRDA:267,43,0,1
BRDA:280,44,0,0
BRDA:287,45,0,0
BRDA:293,46,0,0
BRDA:300,47,0,0
BRDA:306,48,0,0
BRDA:309,49,0,12
BRDA:309,50,0,13
BRDA:309,50,1,13
BRDA:326,51,0,1
BRDA:333,52,0,2
BRDA:333,53,0,10
BRDA:333,53,1,9
BRDA:360,54,0,1
BRDA:367,55,0,1
BRDA:367,56,0,17
BRDA:367,56,1,16
BRDA:367,56,2,16
BRDA:374,57,0,0
BRDA:374,58,0,16
BRDA:374,58,1,16
BRDA:374,58,2,16
BRDA:374,58,3,16
BRDA:374,58,4,16
BRDA:374,58,5,16
BRDA:499,59,0,1
BRDA:506,60,0,2
BRDA:511,61,0,3
BRDA:516,62,0,2
BRDA:521,63,0,3
BRDA:526,64,0,5
BRDA:526,65,0,17
BRDA:526,65,1,15
BRDA:527,66,0,5
BRDA:527,66,1,3
BRDA:528,67,0,5
BRDA:528,67,1,1
BRDA:534,68,0,3
BRDA:536,69,0,2
BRDA:542,70,0,0
BRDA:552,71,0,0
BRDA:556,72,0,11
BRDA:556,73,0,11
BRDA:556,73,1,1
BRDA:557,74,0,11
BRDA:557,74,1,1
BRDA:558,75,0,11
BRDA:558,75,1,9
BRDA:560,76,0,1
BRDA:560,77,0,11
BRDA:560,77,1,10
BRDA:568,78,0,9
BRDA:568,79,0,10
BRDA:568,79,1,2
BRDA:574,80,0,0
BRDA:574,81,0,1
BRDA:574,81,1,1
BRDA:580,82,0,0
BRDA:580,83,0,1
BRDA:580,83,1,1
BRDA:587,84,0,0
BRDA:587,85,0,1
BRDA:587,85,1,1
BRDA:614,86,0,1
BRDA:614,87,0,7
BRDA:614,87,1,7
BRDA:614,87,2,7
BRDA:623,88,0,3
BRDA:630,89,0,0
BRDA:642,90,0,0
BRDA:649,91,0,1
BRDA:656,92,0,2
BRDA:664,93,0,2
BRDA:671,94,0,2
BRDA:692,95,0,83
BRDA:701,96,0,0
BRDA:691,97,0,1
BRDA:691,97,1,0
BRF:147
BRH:122
end_of_record
TN:
SF:src/s3Service.ts
FN:1,(anonymous_1)
FN:11,saveXMLToS3
FN:25,getXMLFromS3
FN:38,deleteXMLFromS3
FN:50,clearStore
FNF:5
FNH:4
FNDA:215,(anonymous_1)
FNDA:16,saveXMLToS3
FNDA:5,getXMLFromS3
FNDA:0,deleteXMLFromS3
FNDA:83,clearStore
DA:1,240
DA:5,1
DA:6,1
DA:8,1
DA:9,1
DA:11,1
DA:12,16
DA:13,16
DA:14,16
DA:17,0
DA:25,1
DA:26,5
DA:27,5
DA:30,0
DA:35,0
DA:38,1
DA:39,0
DA:40,0
DA:41,0
DA:44,0
DA:50,2
DA:51,83
LF:22
LH:15
BRDA:1,0,0,5
BRDA:1,1,0,1
BRDA:1,1,1,1
BRDA:1,1,2,0
BRDA:1,2,0,8
BRDA:1,2,1,8
BRDA:12,3,0,16
BRDA:26,4,0,5
BRDA:27,5,0,5
BRDA:27,5,1,0
BRDA:35,6,0,0
BRDA:35,6,1,0
BRDA:39,7,0,0
BRDA:50,8,0,1
BRDA:50,8,1,0
BRF:15
BRH:9
end_of_record
TN:
SF:src/server.ts
FN:1,(anonymous_1)
FN:35,(anonymous_7)
FN:41,(anonymous_8)
FN:49,(anonymous_9)
FN:63,(anonymous_10)
FN:76,(anonymous_11)
FN:91,(anonymous_12)
FN:103,(anonymous_13)
FN:113,(anonymous_14)
FN:130,(anonymous_15)
FN:144,(anonymous_16)
FN:159,(anonymous_17)
FN:172,(anonymous_18)
FN:182,(anonymous_19)
FN:196,(anonymous_20)
FN:213,(anonymous_21)
FN:217,(anonymous_22)
FN:219,(anonymous_23)
FNF:18
FNH:16
FNDA:28,(anonymous_1)
FNDA:0,(anonymous_7)
FNDA:0,(anonymous_8)
FNDA:83,(anonymous_9)
FNDA:71,(anonymous_10)
FNDA:5,(anonymous_11)
FNDA:13,(anonymous_12)
FNDA:10,(anonymous_13)
FNDA:10,(anonymous_14)
FNDA:15,(anonymous_15)
FNDA:11,(anonymous_16)
FNDA:7,(anonymous_17)
FNDA:18,(anonymous_18)
FNDA:24,(anonymous_19)
FNDA:8,(anonymous_20)
FNDA:1,(anonymous_21)
FNDA:1,(anonymous_22)
FNDA:1,(anonymous_23)
DA:1,335
DA:2,1
DA:3,1
DA:4,1
DA:5,1
DA:6,1
DA:7,1
DA:8,1
DA:9,1
DA:10,1
DA:11,1
DA:12,1
DA:24,1
DA:25,1
DA:27,1
DA:28,1
DA:29,1
DA:30,1
DA:32,1
DA:33,1
DA:35,0
DA:36,0
DA:40,1
DA:41,1
DA:42,0
DA:43,0
DA:44,0
DA:49,1
DA:50,83
DA:51,83
DA:52,83
DA:53,0
DA:59,1
DA:63,1
DA:64,71
DA:65,71
DA:66,56
DA:71,15
DA:76,1
DA:77,5
DA:78,5
DA:79,5
DA:85,3
DA:86,2
DA:91,1
DA:92,13
DA:93,13
DA:94,10
DA:103,10
DA:113,10
DA:125,3
DA:130,1
DA:131,15
DA:132,15
DA:133,13
DA:139,2
DA:144,1
DA:145,11
DA:146,11
DA:147,11
DA:148,8
DA:154,3
DA:159,1
DA:160,7
DA:161,7
DA:162,7
DA:163,3
DA:167,4
DA:172,1
DA:173,18
DA:174,18
DA:175,18
DA:176,16
DA:177,2
DA:182,1
DA:183,24
DA:184,24
DA:185,24
DA:190,1
DA:191,23
DA:196,1
DA:197,8
DA:198,8
DA:199,8
DA:200,8
DA:201,3
DA:202,3
DA:203,3
DA:204,5
DA:211,1
DA:213,1
DA:214,1
DA:217,1
DA:218,1
DA:219,1
DA:220,1
DA:221,1
DA:225,1
LF:98
LH:92
BRDA:1,0,0,146
BRDA:1,1,0,17
BRDA:1,1,1,17
BRDA:1,1,2,11
BRDA:1,2,0,288
BRDA:1,2,1,277
BRDA:32,3,0,1
BRDA:32,3,1,0
BRDA:40,4,0,1
BRDA:82,5,0,1
BRDA:82,5,1,4
BRDA:83,6,0,1
BRDA:83,6,1,4
BRDA:119,7,0,10
BRDA:119,7,1,10
BRDA:120,8,0,10
BRDA:120,8,1,3
BRDA:123,9,0,10
BRDA:123,9,1,1
BRDA:187,10,0,24
BRDA:187,10,1,20
BRDA:188,11,0,24
BRDA:188,11,1,14
BRDA:198,12,0,8
BRDA:198,12,1,0
BRF:25
BRH:23
end_of_record
TN:
SF:src/validateInvoice.ts
FN:1,(anonymous_1)
FN:10,validateName
FN:22,validateABN
FN:33,validateDates
FN:70,validateItem
FN:90,validateItems
FN:107,validateTotalPayable
FN:123,validatePaymentDetails
FNF:8
FNH:8
FNDA:248,(anonymous_1)
FNDA:30,validateName
FNDA:32,validateABN
FNDA:18,validateDates
FNDA:13,validateItem
FNDA:13,validateItems
FNDA:13,validateTotalPayable
FNDA:13,validatePaymentDetails
DA:1,282
DA:8,1
DA:10,1
DA:13,30
DA:14,30
DA:15,2
DA:22,1
DA:25,32
DA:26,4
DA:33,1
DA:37,18
DA:38,18
DA:39,18
DA:41,18
DA:42,1
DA:48,17
DA:49,2
DA:55,15
DA:56,0
DA:62,15
DA:63,1
DA:70,1
DA:71,13
DA:72,0
DA:78,13
DA:79,0
DA:85,13
DA:86,0
DA:90,1
DA:91,13
DA:92,0
DA:98,13
DA:99,13
DA:100,13
DA:101,13
DA:104,13
DA:107,1
DA:108,13
DA:109,0
DA:114,13
DA:115,0
DA:118,13
DA:119,0
DA:123,1
DA:124,13
DA:125,0
DA:131,13
DA:132,13
DA:133,0
DA:139,13
DA:140,0
DA:146,13
DA:147,13
DA:148,0
DA:154,13
DA:155,0
DA:161,1
LF:57
LH:44
BRDA:1,0,0,8
BRDA:1,1,0,1
BRDA:1,1,1,1
BRDA:1,1,2,0
BRDA:1,2,0,14
BRDA:1,2,1,14
BRDA:14,3,0,2
BRDA:25,4,0,4
BRDA:25,5,0,32
BRDA:25,5,1,30
BRDA:41,6,0,1
BRDA:48,7,0,2
BRDA:55,8,0,0
BRDA:62,9,0,1
BRDA:71,10,0,0
BRDA:78,11,0,0
BRDA:78,12,0,13
BRDA:78,12,1,13
BRDA:85,13,0,0
BRDA:91,14,0,0
BRDA:108,15,0,0
BRDA:108,16,0,13
BRDA:108,16,1,13
BRDA:114,17,0,0
BRDA:118,18,0,0
BRDA:124,19,0,0
BRDA:132,20,0,0
BRDA:139,21,0,0
BRDA:147,22,0,0
BRDA:147,23,0,13
BRDA:147,23,1,13
BRDA:147,23,2,13
BRDA:154,24,0,0
BRDA:161,25,0,1
BRDA:161,25,1,0
BRF:35
BRH:20
end_of_record
